 
Attempting to connect to 6C:5A:B5:E0:9D:2B
[[0;93mCHG[0m] Device 6C:5A:B5:E0:9D:2B Connected: yes
[[0;92mNEW[0m] Endpoint /org/bluez/hci0/dev_6C_5A_B5_E0_9D_2B/sep1 
[[0;92mNEW[0m] Transport /org/bluez/hci0/dev_6C_5A_B5_E0_9D_2B/sep1/fd18 
Connection successful
Alarm --==--==--==--===: Thu Mar  5 07:30:12 AM IST 2026
OSDISK/GreatestClassical/0122 - Vivaldi - Concerto for 2 oboes and 2 clarinets in c major, rv 560_3. allegro molto.Mp3
[playing] #122/125   0:09/3:32 (4%)
volume: 10%   repeat: off   random: on    single: off   consume: off
Current system time is: Thu Mar  5 07:30:12 AM IST 2026
OSDISK/GreatestClassical/0122 - Vivaldi - Concerto for 2 oboes and 2 clarinets in c major, rv 560_3. allegro molto.Mp3
[playing] #122/125   0:09/3:32 (4%)
volume: 15%   repeat: off   random: on    single: off   consume: off
OSDISK/GreatestClassical/0122 - Vivaldi - Concerto for 2 oboes and 2 clarinets in c major, rv 560_3. allegro molto.Mp3
[playing] #122/125   0:23/3:32 (10%)
volume: 20%   repeat: off   random: on    single: off   consume: off
OSDISK/GreatestClassical/0122 - Vivaldi - Concerto for 2 oboes and 2 clarinets in c major, rv 560_3. allegro molto.Mp3
[playing] #122/125   0:37/3:32 (17%)
volume: 25%   repeat: off   random: on    single: off   consume: off
OSDISK/GreatestClassical/0122 - Vivaldi - Concerto for 2 oboes and 2 clarinets in c major, rv 560_3. allegro molto.Mp3
[playing] #122/125   0:51/3:32 (24%)
volume: 30%   repeat: off   random: on    single: off   consume: off
OSDISK/GreatestClassical/0122 - Vivaldi - Concerto for 2 oboes and 2 clarinets in c major, rv 560_3. allegro molto.Mp3
[playing] #122/125   1:05/3:32 (30%)
volume: 35%   repeat: off   random: on    single: off   consume: off
OSDISK/GreatestClassical/0122 - Vivaldi - Concerto for 2 oboes and 2 clarinets in c major, rv 560_3. allegro molto.Mp3
[playing] #122/125   1:19/3:32 (37%)
volume: 40%   repeat: off   random: on    single: off   consume: off
OSDISK/GreatestClassical/0122 - Vivaldi - Concerto for 2 oboes and 2 clarinets in c major, rv 560_3. allegro molto.Mp3
[playing] #122/125   1:33/3:32 (43%)
volume: 45%   repeat: off   random: on    single: off   consume: off
OSDISK/GreatestClassical/0122 - Vivaldi - Concerto for 2 oboes and 2 clarinets in c major, rv 560_3. allegro molto.Mp3
[playing] #122/125   1:47/3:32 (50%)
volume: 50%   repeat: off   random: on    single: off   consume: off
OSDISK/GreatestClassical/0122 - Vivaldi - Concerto for 2 oboes and 2 clarinets in c major, rv 560_3. allegro molto.Mp3
[playing] #122/125   2:01/3:32 (57%)
volume: 55%   repeat: off   random: on    single: off   consume: off
OSDISK/GreatestClassical/0122 - Vivaldi - Concerto for 2 oboes and 2 clarinets in c major, rv 560_3. allegro molto.Mp3
[playing] #122/125   2:15/3:32 (63%)
volume: 60%   repeat: off   random: on    single: off   consume: off
OSDISK/GreatestClassical/0122 - Vivaldi - Concerto for 2 oboes and 2 clarinets in c major, rv 560_3. allegro molto.Mp3
[playing] #122/125   2:29/3:32 (70%)
volume: 65%   repeat: off   random: on    single: off   consume: off
OSDISK/GreatestClassical/0122 - Vivaldi - Concerto for 2 oboes and 2 clarinets in c major, rv 560_3. allegro molto.Mp3
[playing] #122/125   2:43/3:32 (76%)
volume: 70%   repeat: off   random: on    single: off   consume: off
OSDISK/GreatestClassical/0122 - Vivaldi - Concerto for 2 oboes and 2 clarinets in c major, rv 560_3. allegro molto.Mp3
[playing] #122/125   2:57/3:32 (83%)
volume: 75%   repeat: off   random: on    single: off   consume: off
volume: 75%   repeat: off   random: on    single: off   consume: off
Attempting to disconnect from 6C:5A:B5:E0:9D:2B
[[0;93mCHG[0m] Transport /org/bluez/hci0/dev_6C_5A_B5_E0_9D_2B/sep1/fd18 State: idle
[[0;91mDEL[0m] Transport /org/bluez/hci0/dev_6C_5A_B5_E0_9D_2B/sep1/fd18 
[[0;91mDEL[0m] Endpoint /org/bluez/hci0/dev_6C_5A_B5_E0_9D_2B/sep1 
[[0;93mCHG[0m] Device 6C:5A:B5:E0:9D:2B ServicesResolved: no
[[0;93mCHG[0m] Device 6C:5A:B5:E0:9D:2B Connected: no
Disconnection successful
