ROSARY --==--==--==--===: Sat Jan 31 12:30:06 PM IST 2026
https://www.youtube.com/watch?v=ZQ6dnLnuYsE
* daemon not running; starting now at tcp:5037
* daemon started successfully
connected to 192.168.0.154:5555
Starting: Intent { act=android.intent.action.VIEW dat=https://www.youtube.com/... cmp=com.google.android.youtube.tv/com.google.android.apps.youtube.tv.activity.ShellActivity }
Changing power on succeeded
Attempting to connect to 6C:5A:B5:E0:9D:2B
Failed to connect: org.bluez.Error.Failed br-connection-page-timeout
already connected to 192.168.0.154:5555
volume:  1%   repeat: off   random: on    single: off   consume: off
volume:  1%   repeat: off   random: on    single: off   consume: off
loading: BBC4Radio
http://lsn.lv/bbcradio.m3u8?station=bbc_radio_fourfm&bitrate=96000
[playing] #1/2   0:00/0:00 (0%)
volume:  1%   repeat: off   random: on    single: off   consume: off
Starting: Intent { act=android.intent.action.VIEW dat=http://192.168.0.133:8031/... }
volume:  1%   repeat: off   random: on    single: off   consume: off
volume:  1%   repeat: off   random: on    single: off   consume: off
loading: BBC3Radio
http://lsn.lv/bbcradio.m3u8?station=bbc_radio_three&bitrate=96000
[playing] #1/3   0:00/0:00 (0%)
volume:  1%   repeat: off   random: on    single: off   consume: off
volume: 50%   repeat: off   random: on    single: off   consume: off
Attempting to disconnect from 6C:5A:B5:E0:9D:2B
Disconnection successful
ROSARY --==--==--==--===: Sun Feb  1 12:30:06 PM IST 2026
https://www.youtube.com/watch?v=vyS-PpmtwiM
failed to authenticate to 192.168.0.154:5555
adb: device unauthorized.
This adb server's $ADB_VENDOR_KEYS is not set
Try 'adb kill-server' if that seems wrong.
Otherwise check for a confirmation dialog on your device.
adb: device unauthorized.
This adb server's $ADB_VENDOR_KEYS is not set
Try 'adb kill-server' if that seems wrong.
Otherwise check for a confirmation dialog on your device.
adb: device unauthorized.
This adb server's $ADB_VENDOR_KEYS is not set
Try 'adb kill-server' if that seems wrong.
Otherwise check for a confirmation dialog on your device.
Changing power on succeeded
Attempting to connect to 6C:5A:B5:E0:9D:2B
[[0;93mCHG[0m] Device 6C:5A:B5:E0:9D:2B Connected: yes
[[0;92mNEW[0m] Endpoint /org/bluez/hci0/dev_6C_5A_B5_E0_9D_2B/sep1 
[[0;92mNEW[0m] Transport /org/bluez/hci0/dev_6C_5A_B5_E0_9D_2B/sep1/fd0 
Connection successful
already connected to 192.168.0.154:5555
volume:  1%   repeat: off   random: on    single: off   consume: off
volume:  1%   repeat: off   random: on    single: off   consume: off
loading: BBC4Radio
http://lsn.lv/bbcradio.m3u8?station=bbc_radio_fourfm&bitrate=96000
[playing] #1/2   0:00/0:00 (0%)
volume:  1%   repeat: off   random: on    single: off   consume: off
adb: device unauthorized.
This adb server's $ADB_VENDOR_KEYS is not set
Try 'adb kill-server' if that seems wrong.
Otherwise check for a confirmation dialog on your device.
volume:  1%   repeat: off   random: on    single: off   consume: off
volume:  1%   repeat: off   random: on    single: off   consume: off
loading: BBC3Radio
http://ice1.somafm.com/covers-128-mp3
[playing] #3/3   0:00/0:00 (0%)
volume:  1%   repeat: off   random: on    single: off   consume: off
volume:  1%   repeat: off   random: on    single: off   consume: off
Attempting to disconnect from 6C:5A:B5:E0:9D:2B
[[0;93mCHG[0m] Transport /org/bluez/hci0/dev_6C_5A_B5_E0_9D_2B/sep1/fd0 State: idle
[[0;91mDEL[0m] Transport /org/bluez/hci0/dev_6C_5A_B5_E0_9D_2B/sep1/fd0 
[[0;91mDEL[0m] Endpoint /org/bluez/hci0/dev_6C_5A_B5_E0_9D_2B/sep1 
[[0;93mCHG[0m] Device 6C:5A:B5:E0:9D:2B ServicesResolved: no
[[0;93mCHG[0m] Device 6C:5A:B5:E0:9D:2B Connected: no
Disconnection successful
adb: device unauthorized.
This adb server's $ADB_VENDOR_KEYS is not set
Try 'adb kill-server' if that seems wrong.
Otherwise check for a confirmation dialog on your device.
ROSARY --==--==--==--===: Mon Feb  2 12:30:06 PM IST 2026
https://www.youtube.com/watch?v=LWdOcAmx-vM
connected to 192.168.0.154:5555
Starting: Intent { act=android.intent.action.VIEW dat=https://www.youtube.com/... cmp=com.google.android.youtube.tv/com.google.android.apps.youtube.tv.activity.ShellActivity }
Changing power on succeeded
Attempting to connect to 6C:5A:B5:E0:9D:2B
[[0;93mCHG[0m] Device 6C:5A:B5:E0:9D:2B Connected: yes
[[0;92mNEW[0m] Endpoint /org/bluez/hci0/dev_6C_5A_B5_E0_9D_2B/sep1 
[[0;92mNEW[0m] Transport /org/bluez/hci0/dev_6C_5A_B5_E0_9D_2B/sep1/fd2 
Connection successful
already connected to 192.168.0.154:5555
volume:  1%   repeat: off   random: on    single: off   consume: off
volume:  1%   repeat: off   random: on    single: off   consume: off
loading: BBC4Radio
https://stream.radioparadise.com/mellow-flacm
[playing] #2/2   0:00/0:00 (0%)
volume:  1%   repeat: off   random: on    single: off   consume: off
Starting: Intent { act=android.intent.action.VIEW dat=http://192.168.0.133:8031/... }
Warning: Activity not started, its current task has been brought to the front
volume:  1%   repeat: off   random: on    single: off   consume: off
volume:  1%   repeat: off   random: on    single: off   consume: off
loading: BBC3Radio
http://ice1.somafm.com/covers-128-mp3
[playing] #3/3   0:00/0:00 (0%)
volume:  1%   repeat: off   random: on    single: off   consume: off
volume:  1%   repeat: off   random: on    single: off   consume: off
Attempting to disconnect from 6C:5A:B5:E0:9D:2B
Disconnection successful
ROSARY --==--==--==--===: Tue Feb  3 12:30:06 PM IST 2026
https://www.youtube.com/watch?v=MznywxjVBB0
already connected to 192.168.0.154:5555
Starting: Intent { act=android.intent.action.VIEW dat=https://www.youtube.com/... cmp=com.google.android.youtube.tv/com.google.android.apps.youtube.tv.activity.ShellActivity }
Changing power on succeeded
Attempting to connect to 6C:5A:B5:E0:9D:2B
[[0;93mCHG[0m] Device 6C:5A:B5:E0:9D:2B Connected: yes
[[0;92mNEW[0m] Endpoint /org/bluez/hci0/dev_6C_5A_B5_E0_9D_2B/sep1 
[[0;92mNEW[0m] Transport /org/bluez/hci0/dev_6C_5A_B5_E0_9D_2B/sep1/fd6 
Connection successful
already connected to 192.168.0.154:5555
volume:  1%   repeat: off   random: on    single: off   consume: off
volume:  1%   repeat: off   random: on    single: off   consume: off
loading: BBC4Radio
https://stream.radioparadise.com/mellow-flacm
[playing] #2/2   0:00/0:00 (0%)
volume:  1%   repeat: off   random: on    single: off   consume: off
Starting: Intent { act=android.intent.action.VIEW dat=http://192.168.0.133:8031/... }
Warning: Activity not started, its current task has been brought to the front
volume:  1%   repeat: off   random: on    single: off   consume: off
volume:  1%   repeat: off   random: on    single: off   consume: off
loading: BBC3Radio
http://ice1.somafm.com/covers-128-mp3
[playing] #3/3   0:00/0:00 (0%)
volume:  1%   repeat: off   random: on    single: off   consume: off
volume:  1%   repeat: off   random: on    single: off   consume: off
Attempting to disconnect from 6C:5A:B5:E0:9D:2B
[[0;93mCHG[0m] Transport /org/bluez/hci0/dev_6C_5A_B5_E0_9D_2B/sep1/fd6 State: idle
[[0;91mDEL[0m] Transport /org/bluez/hci0/dev_6C_5A_B5_E0_9D_2B/sep1/fd6 
[[0;91mDEL[0m] Endpoint /org/bluez/hci0/dev_6C_5A_B5_E0_9D_2B/sep1 
[[0;93mCHG[0m] Device 6C:5A:B5:E0:9D:2B ServicesResolved: no
[[0;93mCHG[0m] Device 6C:5A:B5:E0:9D:2B Connected: no
Disconnection successful
ROSARY --==--==--==--===: Wed Feb  4 12:30:06 PM IST 2026
https://www.youtube.com/watch?v=-GjZ47OIM3o
connected to 192.168.0.154:5555
Starting: Intent { act=android.intent.action.VIEW dat=https://www.youtube.com/... cmp=com.google.android.youtube.tv/com.google.android.apps.youtube.tv.activity.ShellActivity }
Changing power on succeeded
Attempting to connect to 6C:5A:B5:E0:9D:2B
[[0;93mCHG[0m] Device 6C:5A:B5:E0:9D:2B Connected: yes
[[0;92mNEW[0m] Endpoint /org/bluez/hci0/dev_6C_5A_B5_E0_9D_2B/sep1 
[[0;92mNEW[0m] Transport /org/bluez/hci0/dev_6C_5A_B5_E0_9D_2B/sep1/fd10 
Connection successful
already connected to 192.168.0.154:5555
volume:  1%   repeat: off   random: on    single: off   consume: off
volume:  1%   repeat: off   random: on    single: off   consume: off
loading: BBC4Radio
http://lsn.lv/bbcradio.m3u8?station=bbc_radio_fourfm&bitrate=96000
[playing] #1/2   0:00/0:00 (0%)
volume:  1%   repeat: off   random: on    single: off   consume: off
Starting: Intent { act=android.intent.action.VIEW dat=http://192.168.0.133:8031/... }
Warning: Activity not started, its current task has been brought to the front
volume:  1%   repeat: off   random: on    single: off   consume: off
volume:  1%   repeat: off   random: on    single: off   consume: off
loading: BBC3Radio
http://mediaserv30.live-streams.nl:8088/live
[playing] #1/2   0:00/0:00 (0%)
volume:  1%   repeat: off   random: on    single: off   consume: off
volume:  1%   repeat: off   random: on    single: off   consume: off
Attempting to disconnect from 6C:5A:B5:E0:9D:2B
Disconnection successful
adb: no devices/emulators found
ROSARY --==--==--==--===: Thu Feb  5 12:30:06 PM IST 2026
https://www.youtube.com/watch?v=ZuuM_TGRlms
connected to 192.168.0.154:5555
Starting: Intent { act=android.intent.action.VIEW dat=https://www.youtube.com/... cmp=com.google.android.youtube.tv/com.google.android.apps.youtube.tv.activity.ShellActivity }
Changing power on succeeded
Attempting to connect to 6C:5A:B5:E0:9D:2B
[[0;93mCHG[0m] Device 6C:5A:B5:E0:9D:2B Connected: yes
[[0;92mNEW[0m] Endpoint /org/bluez/hci0/dev_6C_5A_B5_E0_9D_2B/sep1 
[[0;92mNEW[0m] Transport /org/bluez/hci0/dev_6C_5A_B5_E0_9D_2B/sep1/fd14 
Connection successful
already connected to 192.168.0.154:5555
volume:  1%   repeat: off   random: on    single: off   consume: off
volume:  1%   repeat: off   random: on    single: off   consume: off
loading: BBC4Radio
http://lsn.lv/bbcradio.m3u8?station=bbc_radio_fourfm&bitrate=96000
[playing] #1/2   0:00/0:00 (0%)
volume:  1%   repeat: off   random: on    single: off   consume: off
Starting: Intent { act=android.intent.action.VIEW dat=http://192.168.0.133:8031/... }
volume:  1%   repeat: off   random: on    single: off   consume: off
volume:  1%   repeat: off   random: on    single: off   consume: off
loading: BBC3Radio
http://play2.organlive.com:7006/320
[playing] #2/3   0:00/0:00 (0%)
volume:  1%   repeat: off   random: on    single: off   consume: off
volume:  1%   repeat: off   random: on    single: off   consume: off
Attempting to disconnect from 6C:5A:B5:E0:9D:2B
Disconnection successful
ROSARY --==--==--==--===: Fri Feb  6 12:30:06 PM IST 2026
https://www.youtube.com/watch?v=VZgHFt0-cNE
failed to authenticate to 192.168.0.154:5555
adb: device unauthorized.
This adb server's $ADB_VENDOR_KEYS is not set
Try 'adb kill-server' if that seems wrong.
Otherwise check for a confirmation dialog on your device.
adb: device unauthorized.
This adb server's $ADB_VENDOR_KEYS is not set
Try 'adb kill-server' if that seems wrong.
Otherwise check for a confirmation dialog on your device.
adb: device unauthorized.
This adb server's $ADB_VENDOR_KEYS is not set
Try 'adb kill-server' if that seems wrong.
Otherwise check for a confirmation dialog on your device.
Changing power on succeeded
Attempting to connect to 6C:5A:B5:E0:9D:2B
[[0;93mCHG[0m] Device 6C:5A:B5:E0:9D:2B Connected: yes
[[0;92mNEW[0m] Endpoint /org/bluez/hci0/dev_6C_5A_B5_E0_9D_2B/sep1 
[[0;92mNEW[0m] Transport /org/bluez/hci0/dev_6C_5A_B5_E0_9D_2B/sep1/fd18 
Connection successful
already connected to 192.168.0.154:5555
volume:  1%   repeat: off   random: on    single: off   consume: off
volume:  1%   repeat: off   random: on    single: off   consume: off
loading: BBC4Radio
https://stream.radioparadise.com/mellow-flacm
[playing] #2/2   0:00/0:00 (0%)
volume:  1%   repeat: off   random: on    single: off   consume: off
Starting: Intent { act=android.intent.action.VIEW dat=http://192.168.0.133:8031/... }
Warning: Activity not started, its current task has been brought to the front
volume:  1%   repeat: off   random: on    single: off   consume: off
volume:  1%   repeat: off   random: on    single: off   consume: off
loading: BBC3Radio
http://play2.organlive.com:7002/320
[playing] #3/3   0:00/0:00 (0%)
volume:  1%   repeat: off   random: on    single: off   consume: off
volume:  1%   repeat: off   random: on    single: off   consume: off
Attempting to disconnect from 6C:5A:B5:E0:9D:2B
Disconnection successful
MASS --==--==--==--===: Sat Feb  7 12:30:07 PM IST 2026
https://www.youtube.com/watch?v=PWc9cHwBi0E
connected to 192.168.0.154:5555
Starting: Intent { act=android.intent.action.VIEW dat=https://www.youtube.com/... cmp=com.google.android.youtube.tv/com.google.android.apps.youtube.tv.activity.ShellActivity }
Changing power on succeeded
Attempting to connect to 6C:5A:B5:E0:9D:2B
[[0;93mCHG[0m] Device 6C:5A:B5:E0:9D:2B Connected: yes
[[0;92mNEW[0m] Endpoint /org/bluez/hci0/dev_6C_5A_B5_E0_9D_2B/sep1 
[[0;92mNEW[0m] Transport /org/bluez/hci0/dev_6C_5A_B5_E0_9D_2B/sep1/fd22 
Connection successful
already connected to 192.168.0.154:5555
volume:  1%   repeat: off   random: on    single: off   consume: off
volume:  1%   repeat: off   random: on    single: off   consume: off
loading: BBC4Radio
http://lsn.lv/bbcradio.m3u8?station=bbc_radio_fourfm&bitrate=96000
[playing] #1/2   0:00/0:00 (0%)
volume:  1%   repeat: off   random: on    single: off   consume: off
Starting: Intent { act=android.intent.action.VIEW dat=http://192.168.0.133:8031/... }
volume:  1%   repeat: off   random: on    single: off   consume: off
loading: BBC3Radio
http://mediaserv30.live-streams.nl:8088/live
[playing] #1/3   0:00/0:00 (0%)
volume:  1%   repeat: off   random: on    single: off   consume: off
volume:  1%   repeat: off   random: on    single: off   consume: off
Attempting to disconnect from 6C:5A:B5:E0:9D:2B
Disconnection successful
MASS --==--==--==--===: Mon Feb  9 12:30:06 PM IST 2026
https://www.youtube.com/watch?v=letI5C04NqE
connected to 192.168.0.154:5555
Starting: Intent { act=android.intent.action.VIEW dat=https://www.youtube.com/... cmp=com.google.android.youtube.tv/com.google.android.apps.youtube.tv.activity.ShellActivity }
[[0;93mCHG[0m] Controller DC:A6:32:AE:85:4A PowerState: off-enabling
Failed to set power on: org.bluez.Error.Failed
Attempting to connect to 6C:5A:B5:E0:9D:2B
Failed to connect: org.bluez.Error.NotReady br-connection-adapter-not-powered
already connected to 192.168.0.154:5555
volume:  1%   repeat: off   random: on    single: off   consume: off
volume:  1%   repeat: off   random: on    single: off   consume: off
loading: BBC4Radio
http://lsn.lv/bbcradio.m3u8?station=bbc_radio_fourfm&bitrate=96000
[playing] #1/2   0:00/0:00 (0%)
volume:  1%   repeat: off   random: on    single: off   consume: off
Starting: Intent { act=android.intent.action.VIEW dat=http://192.168.0.133:8031/... }
Warning: Activity not started, its current task has been brought to the front
volume:  1%   repeat: off   random: on    single: off   consume: off
volume:  1%   repeat: off   random: on    single: off   consume: off
loading: BBC3Radio
http://play2.organlive.com:7006/320
[playing] #2/3   0:00/0:00 (0%)
volume:  1%   repeat: off   random: on    single: off   consume: off
volume:  1%   repeat: off   random: on    single: off   consume: off
Attempting to disconnect from 6C:5A:B5:E0:9D:2B
Disconnection successful
 
MASS --==--==--==--===: Wed Feb 11 12:30:07 PM IST 2026
https://www.youtube.com/watch?v=OjqucNLnse8
* daemon not running; starting now at tcp:5037
* daemon started successfully
failed to authenticate to 192.168.0.154:5555
adb: device unauthorized.
This adb server's $ADB_VENDOR_KEYS is not set
Try 'adb kill-server' if that seems wrong.
Otherwise check for a confirmation dialog on your device.
adb: device unauthorized.
This adb server's $ADB_VENDOR_KEYS is not set
Try 'adb kill-server' if that seems wrong.
Otherwise check for a confirmation dialog on your device.
adb: device unauthorized.
This adb server's $ADB_VENDOR_KEYS is not set
Try 'adb kill-server' if that seems wrong.
Otherwise check for a confirmation dialog on your device.
already connected to 192.168.0.154:5555
volume:  1%   repeat: off   random: on    single: off   consume: off
volume:  1%   repeat: off   random: on    single: off   consume: off
loading: BBC4Radio
https://stream.radioparadise.com/mellow-flacm
[playing] #1/2   0:00/0:00 (0%)
volume:  1%   repeat: off   random: on    single: off   consume: off
Starting: Intent { act=android.intent.action.VIEW dat=http://192.168.0.133:8031/... }
volume:  1%   repeat: off   random: on    single: off   consume: off
volume:  1%   repeat: off   random: on    single: off   consume: off
loading: BBC3Radio
http://play2.organlive.com:7006/320
[playing] #2/3   0:00/0:00 (0%)
volume:  1%   repeat: off   random: on    single: off   consume: off
volume:  1%   repeat: off   random: on    single: off   consume: off
 
MASS --==--==--==--===: Sat Feb 14 12:30:06 PM IST 2026
https://www.youtube.com/watch?v=KcmMSPjoXYU
connected to 192.168.0.154:5555
Starting: Intent { act=android.intent.action.VIEW dat=https://www.youtube.com/... cmp=com.google.android.youtube.tv/com.google.android.apps.youtube.tv.activity.ShellActivity }
already connected to 192.168.0.154:5555
volume:  1%   repeat: off   random: on    single: off   consume: off
volume:  1%   repeat: off   random: on    single: off   consume: off
loading: BBC4Radio
https://stream.radioparadise.com/mellow-flacm
[playing] #1/2   0:00/0:00 (0%)
volume:  1%   repeat: off   random: on    single: off   consume: off
Starting: Intent { act=android.intent.action.VIEW dat=http://192.168.0.133:8031/... }
volume:  1%   repeat: off   random: on    single: off   consume: off
volume:  1%   repeat: off   random: on    single: off   consume: off
loading: BBC3Radio
http://mediaserv30.live-streams.nl:8088/live
[playing] #1/3   0:00/0:00 (0%)
volume:  1%   repeat: off   random: on    single: off   consume: off
volume:  1%   repeat: off   random: on    single: off   consume: off
 
MASS --==--==--==--===: Mon Feb 16 12:30:06 PM IST 2026
https://www.youtube.com/watch?v=-BpwyAtBzIo
connected to 192.168.0.154:5555
Starting: Intent { act=android.intent.action.VIEW dat=https://www.youtube.com/... cmp=com.google.android.youtube.tv/com.google.android.apps.youtube.tv.activity.ShellActivity }
already connected to 192.168.0.154:5555
volume:  1%   repeat: off   random: on    single: off   consume: off
volume:  1%   repeat: off   random: on    single: off   consume: off
loading: BBC4Radio
http://lsn.lv/bbcradio.m3u8?station=bbc_6music&bitrate=96000
[playing] #2/2   0:00/0:00 (0%)
volume:  1%   repeat: off   random: on    single: off   consume: off
Starting: Intent { act=android.intent.action.VIEW dat=http://192.168.0.133:8031/... }
Warning: Activity not started, its current task has been brought to the front
volume:  1%   repeat: off   random: on    single: off   consume: off
volume:  1%   repeat: off   random: on    single: off   consume: off
loading: BBC3Radio
http://play2.organlive.com:7006/320
[playing] #2/3   0:00/0:00 (0%)
volume:  1%   repeat: off   random: on    single: off   consume: off
volume:  1%   repeat: off   random: on    single: off   consume: off
 
MASS --==--==--==--===: Tue Feb 17 12:30:06 PM IST 2026
https://www.youtube.com/watch?v=ax2w8f8q3K0
connected to 192.168.0.154:5555
Starting: Intent { act=android.intent.action.VIEW dat=https://www.youtube.com/... cmp=com.google.android.youtube.tv/com.google.android.apps.youtube.tv.activity.ShellActivity }
already connected to 192.168.0.154:5555
volume:  1%   repeat: off   random: on    single: off   consume: off
volume:  1%   repeat: off   random: on    single: off   consume: off
loading: BBC4Radio
https://edge12.live-sm.absolutradio.de/absolut-relax/stream/mp3
[playing] #2/3   0:00/0:00 (0%)
volume:  1%   repeat: off   random: on    single: off   consume: off
Starting: Intent { act=android.intent.action.VIEW dat=http://192.168.0.133:8031/... }
Warning: Activity not started, its current task has been brought to the front
volume:  1%   repeat: off   random: on    single: off   consume: off
volume:  1%   repeat: off   random: on    single: off   consume: off
loading: BBC3Radio
http://mediaserv30.live-streams.nl:8088/live
[playing] #1/3   0:00/0:00 (0%)
volume:  1%   repeat: off   random: on    single: off   consume: off
volume:  1%   repeat: off   random: on    single: off   consume: off
 
MASS --==--==--==--===: Wed Feb 18 12:30:06 PM IST 2026
https://www.youtube.com/watch?v=eWRrm4VN3PE
connected to 192.168.0.154:5555
Starting: Intent { act=android.intent.action.VIEW dat=https://www.youtube.com/... cmp=com.google.android.youtube.tv/com.google.android.apps.youtube.tv.activity.ShellActivity }
already connected to 192.168.0.154:5555
volume:  1%   repeat: off   random: on    single: off   consume: off
volume:  1%   repeat: off   random: on    single: off   consume: off
loading: BBC4Radio
https://edge12.live-sm.absolutradio.de/absolut-relax/stream/mp3
[playing] #2/3   0:00/0:00 (0%)
volume:  1%   repeat: off   random: on    single: off   consume: off
Starting: Intent { act=android.intent.action.VIEW dat=http://192.168.0.133:8031/... }
Warning: Activity not started, its current task has been brought to the front
volume:  1%   repeat: off   random: on    single: off   consume: off
volume:  1%   repeat: off   random: on    single: off   consume: off
loading: BBC3Radio
http://play2.organlive.com:7006/320
[playing] #2/3   0:00/0:00 (0%)
volume:  1%   repeat: off   random: on    single: off   consume: off
volume:  1%   repeat: off   random: on    single: off   consume: off
 
MASS --==--==--==--===: Thu Feb 19 12:30:06 PM IST 2026
https://www.youtube.com/watch?v=VcGx24n30Pw
already connected to 192.168.0.154:5555
Starting: Intent { act=android.intent.action.VIEW dat=https://www.youtube.com/... cmp=com.google.android.youtube.tv/com.google.android.apps.youtube.tv.activity.ShellActivity }
already connected to 192.168.0.154:5555
volume:  1%   repeat: off   random: on    single: off   consume: off
volume:  1%   repeat: off   random: on    single: off   consume: off
loading: BBC4Radio
https://stream.radioparadise.com/mellow-flacm
[playing] #1/3   0:00/0:00 (0%)
volume:  1%   repeat: off   random: on    single: off   consume: off
Starting: Intent { act=android.intent.action.VIEW dat=http://192.168.0.133:8031/... }
volume:  1%   repeat: off   random: on    single: off   consume: off
volume:  1%   repeat: off   random: on    single: off   consume: off
loading: BBC3Radio
http://mediaserv30.live-streams.nl:8088/live
[playing] #1/3   0:00/0:00 (0%)
volume:  1%   repeat: off   random: on    single: off   consume: off
volume:  1%   repeat: off   random: on    single: off   consume: off
