 
ROSARY --==--==--==--===: Fri Feb 20 10:00:02 PM IST 2026
CHANNEL_URL set to: https://www.youtube.com/@KristinsCrosses
WARNING: [youtube:tab] <urllib3.connection.HTTPSConnection object at 0x7f8c6cbcb0>: Failed to resolve 'www.youtube.com' ([Errno -2] Name or service not known). Retrying (1/3)...
WARNING: [youtube:tab] <urllib3.connection.HTTPSConnection object at 0x7f8c412350>: Failed to resolve 'www.youtube.com' ([Errno -2] Name or service not known). Retrying (2/3)...
WARNING: [youtube:tab] <urllib3.connection.HTTPSConnection object at 0x7f8c412c10>: Failed to resolve 'www.youtube.com' ([Errno -2] Name or service not known). Retrying (3/3)...
WARNING: [youtube:tab] Unable to download webpage: <urllib3.connection.HTTPSConnection object at 0x7f8c413110>: Failed to resolve 'www.youtube.com' ([Errno -2] Name or service not known) (caused by TransportError("<urllib3.connection.HTTPSConnection object at 0x7f8c413110>: Failed to resolve 'www.youtube.com' ([Errno -2] Name or service not known)")). Giving up after 3 retries
WARNING: [youtube:tab] <urllib3.connection.HTTPSConnection object at 0x7f8c4134d0>: Failed to resolve 'www.youtube.com' ([Errno -2] Name or service not known). Retrying (1/3)...
WARNING: [youtube:tab] <urllib3.connection.HTTPSConnection object at 0x7f8c413250>: Failed to resolve 'www.youtube.com' ([Errno -2] Name or service not known). Retrying (2/3)...
WARNING: [youtube:tab] <urllib3.connection.HTTPSConnection object at 0x7f8c412ad0>: Failed to resolve 'www.youtube.com' ([Errno -2] Name or service not known). Retrying (3/3)...
ERROR: [youtube:tab] @KristinsCrosses: Unable to download API page: <urllib3.connection.HTTPSConnection object at 0x7f8c412c10>: Failed to resolve 'www.youtube.com' ([Errno -2] Name or service not known) (caused by TransportError("<urllib3.connection.HTTPSConnection object at 0x7f8c412c10>: Failed to resolve 'www.youtube.com' ([Errno -2] Name or service not known)"))
!!!!!!!!!!!!! No Rosary video found for date: February 20 !!!!!!!!!!!!!!
WARNING: [youtube:tab] <urllib3.connection.HTTPSConnection object at 0x7f98507cb0>: Failed to resolve 'www.youtube.com' ([Errno -2] Name or service not known). Retrying (1/3)...
WARNING: [youtube:tab] <urllib3.connection.HTTPSConnection object at 0x7f98252350>: Failed to resolve 'www.youtube.com' ([Errno -2] Name or service not known). Retrying (2/3)...
WARNING: [youtube:tab] <urllib3.connection.HTTPSConnection object at 0x7f98252c10>: Failed to resolve 'www.youtube.com' ([Errno -2] Name or service not known). Retrying (3/3)...
WARNING: [youtube:tab] Unable to download webpage: <urllib3.connection.HTTPSConnection object at 0x7f98253110>: Failed to resolve 'www.youtube.com' ([Errno -2] Name or service not known) (caused by TransportError("<urllib3.connection.HTTPSConnection object at 0x7f98253110>: Failed to resolve 'www.youtube.com' ([Errno -2] Name or service not known)")). Giving up after 3 retries
WARNING: [youtube:tab] <urllib3.connection.HTTPSConnection object at 0x7f982534d0>: Failed to resolve 'www.youtube.com' ([Errno -2] Name or service not known). Retrying (1/3)...
WARNING: [youtube:tab] <urllib3.connection.HTTPSConnection object at 0x7f98253250>: Failed to resolve 'www.youtube.com' ([Errno -2] Name or service not known). Retrying (2/3)...
WARNING: [youtube:tab] <urllib3.connection.HTTPSConnection object at 0x7f98252ad0>: Failed to resolve 'www.youtube.com' ([Errno -2] Name or service not known). Retrying (3/3)...
ERROR: [youtube:tab] @KristinsCrosses: Unable to download API page: <urllib3.connection.HTTPSConnection object at 0x7f98252c10>: Failed to resolve 'www.youtube.com' ([Errno -2] Name or service not known) (caused by TransportError("<urllib3.connection.HTTPSConnection object at 0x7f98252c10>: Failed to resolve 'www.youtube.com' ([Errno -2] Name or service not known)"))

WARNING: [youtube:tab] <urllib3.connection.HTTPSConnection object at 0x7fb936bcb0>: Failed to resolve 'www.youtube.com' ([Errno -2] Name or service not known). Retrying (1/3)...
WARNING: [youtube:tab] <urllib3.connection.HTTPSConnection object at 0x7fb90b2350>: Failed to resolve 'www.youtube.com' ([Errno -2] Name or service not known). Retrying (2/3)...
WARNING: [youtube:tab] <urllib3.connection.HTTPSConnection object at 0x7fb90b2c10>: Failed to resolve 'www.youtube.com' ([Errno -2] Name or service not known). Retrying (3/3)...
WARNING: [youtube:tab] Unable to download webpage: <urllib3.connection.HTTPSConnection object at 0x7fb90b3110>: Failed to resolve 'www.youtube.com' ([Errno -2] Name or service not known) (caused by TransportError("<urllib3.connection.HTTPSConnection object at 0x7fb90b3110>: Failed to resolve 'www.youtube.com' ([Errno -2] Name or service not known)")). Giving up after 3 retries
WARNING: [youtube:tab] <urllib3.connection.HTTPSConnection object at 0x7fb90b34d0>: Failed to resolve 'www.youtube.com' ([Errno -2] Name or service not known). Retrying (1/3)...
WARNING: [youtube:tab] <urllib3.connection.HTTPSConnection object at 0x7fb90b3250>: Failed to resolve 'www.youtube.com' ([Errno -2] Name or service not known). Retrying (2/3)...
WARNING: [youtube:tab] <urllib3.connection.HTTPSConnection object at 0x7fb90b2ad0>: Failed to resolve 'www.youtube.com' ([Errno -2] Name or service not known). Retrying (3/3)...
ERROR: [youtube:tab] @KristinsCrosses: Unable to download API page: <urllib3.connection.HTTPSConnection object at 0x7fb90b2c10>: Failed to resolve 'www.youtube.com' ([Errno -2] Name or service not known) (caused by TransportError("<urllib3.connection.HTTPSConnection object at 0x7fb90b2c10>: Failed to resolve 'www.youtube.com' ([Errno -2] Name or service not known)"))
  -28
connected to 192.168.0.154:5555

Exception occurred while executing 'start':
java.lang.IllegalArgumentException: Argument expected after "-d"
	at com.android.modules.utils.BasicShellCommandHandler.getNextArgRequired(BasicShellCommandHandler.java:295)
	at android.content.Intent.parseCommandArgs(Intent.java:7668)
	at com.android.server.am.ActivityManagerShellCommand.makeIntent(ActivityManagerShellCommand.java:358)
	at com.android.server.am.ActivityManagerShellCommand.runStartActivity(ActivityManagerShellCommand.java:457)
	at com.android.server.am.ActivityManagerShellCommand.onCommand(ActivityManagerShellCommand.java:197)
	at com.android.modules.utils.BasicShellCommandHandler.exec(BasicShellCommandHandler.java:97)
	at android.os.ShellCommand.exec(ShellCommand.java:38)
	at com.android.server.am.ActivityManagerService.onShellCommand(ActivityManagerService.java:8727)
	at android.os.Binder.shellCommand(Binder.java:950)
	at android.os.Binder.onTransact(Binder.java:834)
	at android.app.IActivityManager$Stub.onTransact(IActivityManager.java:5108)
	at com.android.server.am.ActivityManagerService.onTransact(ActivityManagerService.java:2500)
	at android.os.Binder.execTransactInternal(Binder.java:1184)
	at android.os.Binder.execTransact(Binder.java:1143)
sleep: invalid option -- '2'
Try 'sleep --help' for more information.
