OSDISK/LINEIN/FILE_005.MP3
[playing] #23/41   0:00/22:05 (0%)
volume: 30%   repeat: off   random: on    single: off   consume: off
Current system time is: Mon Jan 26 08:30:14 PM IST 2026
OSDISK/LINEIN/FILE_005.MP3
[playing] #23/41   0:00/22:05 (0%)
volume: 34%   repeat: off   random: on    single: off   consume: off
OSDISK/LINEIN/FILE_005.MP3
[playing] #23/41   0:03/22:05 (0%)
volume: 38%   repeat: off   random: on    single: off   consume: off
OSDISK/LINEIN/FILE_005.MP3
[playing] #23/41   0:06/22:05 (0%)
volume: 42%   repeat: off   random: on    single: off   consume: off
OSDISK/LINEIN/FILE_005.MP3
[playing] #23/41   0:09/22:05 (0%)
volume: 46%   repeat: off   random: on    single: off   consume: off
OSDISK/LINEIN/FILE_005.MP3
[playing] #23/41   0:12/22:05 (0%)
volume: 50%   repeat: off   random: on    single: off   consume: off
OSDISK/LINEIN/FILE_005.MP3
[playing] #23/41   0:15/22:05 (1%)
volume: 54%   repeat: off   random: on    single: off   consume: off
OSDISK/LINEIN/FILE_005.MP3
[playing] #23/41   0:18/22:05 (1%)
volume: 58%   repeat: off   random: on    single: off   consume: off
OSDISK/LINEIN/FILE_005.MP3
[playing] #23/41   0:21/22:05 (1%)
volume: 62%   repeat: off   random: on    single: off   consume: off
OSDISK/LINEIN/FILE_005.MP3
[playing] #23/41   0:24/22:05 (1%)
volume: 66%   repeat: off   random: on    single: off   consume: off
OSDISK/LINEIN/FILE_005.MP3
[playing] #23/41   0:27/22:05 (2%)
volume: 70%   repeat: off   random: on    single: off   consume: off
OSDISK/LINEIN/FILE_005.MP3
[playing] #23/41   0:30/22:05 (2%)
volume: 75%   repeat: off   random: on    single: off   consume: off
volume: 75%   repeat: off   random: on    single: off   consume: off
Attempting to disconnect from 6C:5A:B5:E0:9D:2B
[[0;91mDEL[0m] Transport /org/bluez/hci0/dev_6C_5A_B5_E0_9D_2B/sep1/fd4 
[[0;91mDEL[0m] Endpoint /org/bluez/hci0/dev_6C_5A_B5_E0_9D_2B/sep1 
[[0;93mCHG[0m] Device 6C:5A:B5:E0:9D:2B ServicesResolved: no
[[0;93mCHG[0m] Device 6C:5A:B5:E0:9D:2B Connected: no
Disconnection successful
C. Benson :Pno, S. Mintz: Vln - La Precieuse
[playing] #14/41   0:00/2:21 (0%)
volume: 10%   repeat: off   random: on    single: off   consume: off
Current system time is: Tue Jan 27 08:30:14 PM IST 2026
C. Benson :Pno, S. Mintz: Vln - La Precieuse
[playing] #14/41   0:00/2:21 (0%)
volume: 15%   repeat: off   random: on    single: off   consume: off
C. Benson :Pno, S. Mintz: Vln - La Precieuse
[playing] #14/41   0:14/2:21 (9%)
volume: 20%   repeat: off   random: on    single: off   consume: off
C. Benson :Pno, S. Mintz: Vln - La Precieuse
[playing] #14/41   0:28/2:21 (19%)
volume: 25%   repeat: off   random: on    single: off   consume: off
C. Benson :Pno, S. Mintz: Vln - La Precieuse
[playing] #14/41   0:42/2:21 (29%)
volume: 30%   repeat: off   random: on    single: off   consume: off
C. Benson :Pno, S. Mintz: Vln - La Precieuse
[playing] #14/41   0:56/2:21 (39%)
volume: 35%   repeat: off   random: on    single: off   consume: off
C. Benson :Pno, S. Mintz: Vln - La Precieuse
[playing] #14/41   1:10/2:21 (49%)
volume: 40%   repeat: off   random: on    single: off   consume: off
C. Benson :Pno, S. Mintz: Vln - La Precieuse
[playing] #14/41   1:24/2:21 (59%)
volume: 45%   repeat: off   random: on    single: off   consume: off
C. Benson :Pno, S. Mintz: Vln - La Precieuse
[playing] #14/41   1:38/2:21 (69%)
volume: 50%   repeat: off   random: on    single: off   consume: off
C. Benson :Pno, S. Mintz: Vln - La Precieuse
[playing] #14/41   1:52/2:21 (79%)
volume: 55%   repeat: off   random: on    single: off   consume: off
C. Benson :Pno, S. Mintz: Vln - La Precieuse
[playing] #14/41   2:06/2:21 (89%)
volume: 60%   repeat: off   random: on    single: off   consume: off
C. Benson :Pno, S. Mintz: Vln - La Precieuse
[playing] #14/41   2:20/2:21 (99%)
volume: 65%   repeat: off   random: on    single: off   consume: off
C. Benson :Pno, S. Mintz: Vln - Serenade espagnole
[playing] #12/41   0:14/2:42 (8%)
volume: 70%   repeat: off   random: on    single: off   consume: off
C. Benson :Pno, S. Mintz: Vln - Serenade espagnole
[playing] #12/41   0:28/2:42 (17%)
volume: 75%   repeat: off   random: on    single: off   consume: off
OSDISK/VIDEO007/TRACK002.MP3
[playing] #35/41   0:00/18:43 (0%)
volume: 10%   repeat: off   random: on    single: off   consume: off
Current system time is: Mon Feb  2 08:30:13 PM IST 2026
OSDISK/VIDEO007/TRACK002.MP3
[playing] #35/41   0:00/18:43 (0%)
volume: 15%   repeat: off   random: on    single: off   consume: off
OSDISK/VIDEO007/TRACK002.MP3
[playing] #35/41   0:14/18:43 (1%)
volume: 20%   repeat: off   random: on    single: off   consume: off
OSDISK/VIDEO007/TRACK002.MP3
[playing] #35/41   0:28/18:43 (2%)
volume: 25%   repeat: off   random: on    single: off   consume: off
OSDISK/VIDEO007/TRACK002.MP3
[playing] #35/41   0:42/18:43 (3%)
volume: 30%   repeat: off   random: on    single: off   consume: off
OSDISK/VIDEO007/TRACK002.MP3
[playing] #35/41   0:56/18:43 (4%)
volume: 35%   repeat: off   random: on    single: off   consume: off
OSDISK/VIDEO007/TRACK002.MP3
[playing] #35/41   1:10/18:43 (6%)
volume: 40%   repeat: off   random: on    single: off   consume: off
OSDISK/VIDEO007/TRACK002.MP3
[playing] #35/41   1:24/18:43 (7%)
volume: 45%   repeat: off   random: on    single: off   consume: off
OSDISK/VIDEO007/TRACK002.MP3
[playing] #35/41   1:38/18:43 (8%)
volume: 50%   repeat: off   random: on    single: off   consume: off
OSDISK/VIDEO007/TRACK002.MP3
[playing] #35/41   1:52/18:43 (9%)
volume: 55%   repeat: off   random: on    single: off   consume: off
OSDISK/VIDEO007/TRACK002.MP3
[playing] #35/41   2:06/18:43 (11%)
volume: 60%   repeat: off   random: on    single: off   consume: off
OSDISK/VIDEO007/TRACK002.MP3
[playing] #35/41   2:20/18:43 (12%)
volume: 65%   repeat: off   random: on    single: off   consume: off
OSDISK/VIDEO007/TRACK002.MP3
[playing] #35/41   2:34/18:43 (13%)
volume: 70%   repeat: off   random: on    single: off   consume: off
OSDISK/VIDEO007/TRACK002.MP3
[playing] #35/41   2:48/18:43 (14%)
volume: 75%   repeat: off   random: on    single: off   consume: off
volume: 75%   repeat: off   random: on    single: off   consume: off
Attempting to disconnect from 6C:5A:B5:E0:9D:2B
[[0;93mCHG[0m] Transport /org/bluez/hci0/dev_6C_5A_B5_E0_9D_2B/sep1/fd4 State: idle
[[0;91mDEL[0m] Transport /org/bluez/hci0/dev_6C_5A_B5_E0_9D_2B/sep1/fd4 
[[0;91mDEL[0m] Endpoint /org/bluez/hci0/dev_6C_5A_B5_E0_9D_2B/sep1 
[[0;93mCHG[0m] Device 6C:5A:B5:E0:9D:2B ServicesResolved: no
[[0;93mCHG[0m] Device 6C:5A:B5:E0:9D:2B Connected: no
Disconnection successful
C. Benson :Pno, S. Mintz: Vln - Danse espagnole
[playing] #13/41   0:00/3:26 (0%)
volume: 10%   repeat: off   random: on    single: off   consume: off
Current system time is: Tue Feb  3 08:30:14 PM IST 2026
C. Benson :Pno, S. Mintz: Vln - Danse espagnole
[playing] #13/41   0:00/3:26 (0%)
volume: 15%   repeat: off   random: on    single: off   consume: off
C. Benson :Pno, S. Mintz: Vln - Danse espagnole
[playing] #13/41   0:14/3:26 (6%)
volume: 20%   repeat: off   random: on    single: off   consume: off
C. Benson :Pno, S. Mintz: Vln - Danse espagnole
[playing] #13/41   0:28/3:26 (13%)
volume: 25%   repeat: off   random: on    single: off   consume: off
C. Benson :Pno, S. Mintz: Vln - Danse espagnole
[playing] #13/41   0:42/3:26 (20%)
volume: 30%   repeat: off   random: on    single: off   consume: off
C. Benson :Pno, S. Mintz: Vln - Danse espagnole
[playing] #13/41   0:56/3:26 (27%)
volume: 35%   repeat: off   random: on    single: off   consume: off
C. Benson :Pno, S. Mintz: Vln - Danse espagnole
[playing] #13/41   1:10/3:26 (33%)
volume: 40%   repeat: off   random: on    single: off   consume: off
C. Benson :Pno, S. Mintz: Vln - Danse espagnole
[playing] #13/41   1:24/3:26 (40%)
volume: 45%   repeat: off   random: on    single: off   consume: off
C. Benson :Pno, S. Mintz: Vln - Danse espagnole
[playing] #13/41   1:38/3:26 (47%)
volume: 50%   repeat: off   random: on    single: off   consume: off
C. Benson :Pno, S. Mintz: Vln - Danse espagnole
[playing] #13/41   1:52/3:26 (54%)
volume: 55%   repeat: off   random: on    single: off   consume: off
C. Benson :Pno, S. Mintz: Vln - Danse espagnole
[playing] #13/41   2:06/3:26 (61%)
volume: 60%   repeat: off   random: on    single: off   consume: off
C. Benson :Pno, S. Mintz: Vln - Danse espagnole
[playing] #13/41   2:20/3:26 (67%)
volume: 65%   repeat: off   random: on    single: off   consume: off
C. Benson :Pno, S. Mintz: Vln - Danse espagnole
[playing] #13/41   2:34/3:26 (74%)
volume: 70%   repeat: off   random: on    single: off   consume: off
C. Benson :Pno, S. Mintz: Vln - Danse espagnole
[playing] #13/41   2:48/3:26 (81%)
volume: 75%   repeat: off   random: on    single: off   consume: off
volume: 75%   repeat: off   random: on    single: off   consume: off
Attempting to disconnect from 6C:5A:B5:E0:9D:2B
[[0;93mCHG[0m] Transport /org/bluez/hci0/dev_6C_5A_B5_E0_9D_2B/sep1/fd8 State: idle
[[0;91mDEL[0m] Transport /org/bluez/hci0/dev_6C_5A_B5_E0_9D_2B/sep1/fd8 
[[0;91mDEL[0m] Endpoint /org/bluez/hci0/dev_6C_5A_B5_E0_9D_2B/sep1 
[[0;93mCHG[0m] Device 6C:5A:B5:E0:9D:2B ServicesResolved: no
[[0;93mCHG[0m] Device 6C:5A:B5:E0:9D:2B Connected: no
Disconnection successful
OSDISK/VIDEO004/TRACK002.MP3
[playing] #31/41   0:00/28:20 (0%)
volume: 10%   repeat: off   random: on    single: off   consume: off
Current system time is: Wed Feb  4 08:30:13 PM IST 2026
OSDISK/VIDEO004/TRACK002.MP3
[playing] #31/41   0:00/28:20 (0%)
volume: 15%   repeat: off   random: on    single: off   consume: off
OSDISK/VIDEO004/TRACK002.MP3
[playing] #31/41   0:14/28:20 (0%)
volume: 20%   repeat: off   random: on    single: off   consume: off
OSDISK/VIDEO004/TRACK002.MP3
[playing] #31/41   0:28/28:20 (1%)
volume: 25%   repeat: off   random: on    single: off   consume: off
OSDISK/VIDEO004/TRACK002.MP3
[playing] #31/41   0:42/28:20 (2%)
volume: 30%   repeat: off   random: on    single: off   consume: off
OSDISK/VIDEO004/TRACK002.MP3
[playing] #31/41   0:56/28:20 (3%)
volume: 35%   repeat: off   random: on    single: off   consume: off
OSDISK/VIDEO004/TRACK002.MP3
[playing] #31/41   1:10/28:20 (4%)
volume: 40%   repeat: off   random: on    single: off   consume: off
OSDISK/VIDEO004/TRACK002.MP3
[playing] #31/41   1:24/28:20 (4%)
volume: 45%   repeat: off   random: on    single: off   consume: off
OSDISK/VIDEO004/TRACK002.MP3
[playing] #31/41   1:38/28:20 (5%)
volume: 50%   repeat: off   random: on    single: off   consume: off
OSDISK/VIDEO004/TRACK002.MP3
[playing] #31/41   1:52/28:20 (6%)
volume: 55%   repeat: off   random: on    single: off   consume: off
OSDISK/VIDEO004/TRACK002.MP3
[playing] #31/41   2:06/28:20 (7%)
volume: 60%   repeat: off   random: on    single: off   consume: off
OSDISK/VIDEO004/TRACK002.MP3
[playing] #31/41   2:20/28:20 (8%)
volume: 65%   repeat: off   random: on    single: off   consume: off
OSDISK/VIDEO004/TRACK002.MP3
[playing] #31/41   2:34/28:20 (9%)
volume: 70%   repeat: off   random: on    single: off   consume: off
OSDISK/VIDEO004/TRACK002.MP3
[playing] #31/41   2:48/28:20 (9%)
volume: 75%   repeat: off   random: on    single: off   consume: off
volume: 75%   repeat: off   random: on    single: off   consume: off
Attempting to disconnect from 6C:5A:B5:E0:9D:2B
[[0;93mCHG[0m] Transport /org/bluez/hci0/dev_6C_5A_B5_E0_9D_2B/sep1/fd12 State: idle
[[0;91mDEL[0m] Transport /org/bluez/hci0/dev_6C_5A_B5_E0_9D_2B/sep1/fd12 
[[0;91mDEL[0m] Endpoint /org/bluez/hci0/dev_6C_5A_B5_E0_9D_2B/sep1 
[[0;93mCHG[0m] Device 6C:5A:B5:E0:9D:2B ServicesResolved: no
[[0;93mCHG[0m] Device 6C:5A:B5:E0:9D:2B Connected: no
Disconnection successful
C. Benson :Pno, S. Mintz: Vln - Zigeuner-Capriccio
[playing] #6/41   0:00/4:33 (0%)
volume: 10%   repeat: off   random: on    single: off   consume: off
Current system time is: Thu Feb  5 08:30:10 PM IST 2026
C. Benson :Pno, S. Mintz: Vln - Zigeuner-Capriccio
[playing] #6/41   0:00/4:33 (0%)
volume: 15%   repeat: off   random: on    single: off   consume: off
C. Benson :Pno, S. Mintz: Vln - Zigeuner-Capriccio
[playing] #6/41   0:14/4:33 (5%)
volume: 20%   repeat: off   random: on    single: off   consume: off
C. Benson :Pno, S. Mintz: Vln - Zigeuner-Capriccio
[playing] #6/41   0:28/4:33 (10%)
volume: 25%   repeat: off   random: on    single: off   consume: off
C. Benson :Pno, S. Mintz: Vln - Zigeuner-Capriccio
[playing] #6/41   0:42/4:33 (15%)
volume: 30%   repeat: off   random: on    single: off   consume: off
C. Benson :Pno, S. Mintz: Vln - Zigeuner-Capriccio
[playing] #6/41   0:56/4:33 (20%)
volume: 35%   repeat: off   random: on    single: off   consume: off
C. Benson :Pno, S. Mintz: Vln - Zigeuner-Capriccio
[playing] #6/41   1:10/4:33 (25%)
volume: 40%   repeat: off   random: on    single: off   consume: off
C. Benson :Pno, S. Mintz: Vln - Zigeuner-Capriccio
[playing] #6/41   1:24/4:33 (30%)
volume: 45%   repeat: off   random: on    single: off   consume: off
C. Benson :Pno, S. Mintz: Vln - Zigeuner-Capriccio
[playing] #6/41   1:38/4:33 (35%)
volume: 50%   repeat: off   random: on    single: off   consume: off
C. Benson :Pno, S. Mintz: Vln - Zigeuner-Capriccio
[playing] #6/41   1:52/4:33 (41%)
volume: 55%   repeat: off   random: on    single: off   consume: off
C. Benson :Pno, S. Mintz: Vln - Zigeuner-Capriccio
[playing] #6/41   2:06/4:33 (46%)
volume: 60%   repeat: off   random: on    single: off   consume: off
C. Benson :Pno, S. Mintz: Vln - Zigeuner-Capriccio
[playing] #6/41   2:20/4:33 (51%)
volume: 65%   repeat: off   random: on    single: off   consume: off
C. Benson :Pno, S. Mintz: Vln - Zigeuner-Capriccio
[playing] #6/41   2:34/4:33 (56%)
volume: 70%   repeat: off   random: on    single: off   consume: off
C. Benson :Pno, S. Mintz: Vln - Zigeuner-Capriccio
[playing] #6/41   2:48/4:33 (61%)
volume: 75%   repeat: off   random: on    single: off   consume: off
volume: 75%   repeat: off   random: on    single: off   consume: off
Attempting to disconnect from 6C:5A:B5:E0:9D:2B
[[0;91mDEL[0m] Transport /org/bluez/hci0/dev_6C_5A_B5_E0_9D_2B/sep1/fd16 
[[0;91mDEL[0m] Endpoint /org/bluez/hci0/dev_6C_5A_B5_E0_9D_2B/sep1 
[[0;93mCHG[0m] Device 6C:5A:B5:E0:9D:2B ServicesResolved: no
[[0;93mCHG[0m] Device 6C:5A:B5:E0:9D:2B Connected: no
Disconnection successful
OSDISK/LINEIN/FILE_009.MP3
[playing] #27/41   0:00/18:04 (0%)
volume: 10%   repeat: off   random: on    single: off   consume: off
Current system time is: Fri Feb  6 08:30:11 PM IST 2026
OSDISK/LINEIN/FILE_009.MP3
[playing] #27/41   0:00/18:04 (0%)
volume: 15%   repeat: off   random: on    single: off   consume: off
OSDISK/LINEIN/FILE_009.MP3
[playing] #27/41   0:14/18:04 (1%)
volume: 20%   repeat: off   random: on    single: off   consume: off
OSDISK/LINEIN/FILE_009.MP3
[playing] #27/41   0:28/18:04 (2%)
volume: 25%   repeat: off   random: on    single: off   consume: off
OSDISK/LINEIN/FILE_009.MP3
[playing] #27/41   0:42/18:04 (3%)
volume: 30%   repeat: off   random: on    single: off   consume: off
OSDISK/LINEIN/FILE_009.MP3
[playing] #27/41   0:56/18:04 (5%)
volume: 35%   repeat: off   random: on    single: off   consume: off
OSDISK/LINEIN/FILE_009.MP3
[playing] #27/41   1:10/18:04 (6%)
volume: 40%   repeat: off   random: on    single: off   consume: off
OSDISK/LINEIN/FILE_009.MP3
[playing] #27/41   1:24/18:04 (7%)
volume: 45%   repeat: off   random: on    single: off   consume: off
OSDISK/LINEIN/FILE_009.MP3
[playing] #27/41   1:38/18:04 (9%)
volume: 50%   repeat: off   random: on    single: off   consume: off
OSDISK/LINEIN/FILE_009.MP3
[playing] #27/41   1:52/18:04 (10%)
volume: 55%   repeat: off   random: on    single: off   consume: off
OSDISK/LINEIN/FILE_009.MP3
[playing] #27/41   2:06/18:04 (11%)
volume: 60%   repeat: off   random: on    single: off   consume: off
OSDISK/LINEIN/FILE_009.MP3
[playing] #27/41   2:20/18:04 (12%)
volume: 65%   repeat: off   random: on    single: off   consume: off
OSDISK/LINEIN/FILE_009.MP3
[playing] #27/41   2:34/18:04 (14%)
volume: 70%   repeat: off   random: on    single: off   consume: off
OSDISK/LINEIN/FILE_009.MP3
[playing] #27/41   2:48/18:04 (15%)
volume: 75%   repeat: off   random: on    single: off   consume: off
volume: 75%   repeat: off   random: on    single: off   consume: off
Attempting to disconnect from 6C:5A:B5:E0:9D:2B
[[0;93mCHG[0m] Transport /org/bluez/hci0/dev_6C_5A_B5_E0_9D_2B/sep1/fd20 State: idle
[[0;91mDEL[0m] Transport /org/bluez/hci0/dev_6C_5A_B5_E0_9D_2B/sep1/fd20 
[[0;91mDEL[0m] Endpoint /org/bluez/hci0/dev_6C_5A_B5_E0_9D_2B/sep1 
[[0;93mCHG[0m] Device 6C:5A:B5:E0:9D:2B ServicesResolved: no
[[0;93mCHG[0m] Device 6C:5A:B5:E0:9D:2B Connected: no
Disconnection successful
OSDISK/LINEIN/FILE_005.MP3
[playing] #23/41   0:00/22:05 (0%)
volume: 10%   repeat: off   random: on    single: off   consume: off
Current system time is: Sat Feb  7 08:30:31 PM IST 2026
OSDISK/LINEIN/FILE_005.MP3
[playing] #23/41   0:00/22:05 (0%)
volume: 15%   repeat: off   random: on    single: off   consume: off
OSDISK/LINEIN/FILE_005.MP3
[playing] #23/41   0:14/22:05 (1%)
volume: 20%   repeat: off   random: on    single: off   consume: off
OSDISK/LINEIN/FILE_005.MP3
[playing] #23/41   0:28/22:05 (2%)
volume: 25%   repeat: off   random: on    single: off   consume: off
OSDISK/LINEIN/FILE_005.MP3
[playing] #23/41   0:42/22:05 (3%)
volume: 30%   repeat: off   random: on    single: off   consume: off
OSDISK/LINEIN/FILE_005.MP3
[playing] #23/41   0:56/22:05 (4%)
volume: 35%   repeat: off   random: on    single: off   consume: off
OSDISK/LINEIN/FILE_005.MP3
[playing] #23/41   1:10/22:05 (5%)
volume: 40%   repeat: off   random: on    single: off   consume: off
OSDISK/LINEIN/FILE_005.MP3
[playing] #23/41   1:24/22:05 (6%)
volume: 45%   repeat: off   random: on    single: off   consume: off
OSDISK/LINEIN/FILE_005.MP3
[playing] #23/41   1:38/22:05 (7%)
volume: 50%   repeat: off   random: on    single: off   consume: off
OSDISK/LINEIN/FILE_005.MP3
[playing] #23/41   1:52/22:05 (8%)
volume: 55%   repeat: off   random: on    single: off   consume: off
OSDISK/LINEIN/FILE_005.MP3
[playing] #23/41   2:06/22:05 (9%)
volume: 60%   repeat: off   random: on    single: off   consume: off
OSDISK/LINEIN/FILE_005.MP3
[playing] #23/41   2:20/22:05 (10%)
volume: 65%   repeat: off   random: on    single: off   consume: off
OSDISK/LINEIN/FILE_005.MP3
[playing] #23/41   2:34/22:05 (11%)
volume: 70%   repeat: off   random: on    single: off   consume: off
OSDISK/LINEIN/FILE_005.MP3
[playing] #23/41   2:48/22:05 (12%)
volume: 75%   repeat: off   random: on    single: off   consume: off
volume: 75%   repeat: off   random: on    single: off   consume: off
Attempting to disconnect from 6C:5A:B5:E0:9D:2B
Disconnection successful
OSDISK/VIDEO008/TRACK001.MP3
[playing] #36/41   0:00/18:19 (0%)
volume: 10%   repeat: off   random: on    single: off   consume: off
Current system time is: Sun Feb  8 08:30:12 PM IST 2026
OSDISK/VIDEO008/TRACK001.MP3
[playing] #36/41   0:00/18:19 (0%)
volume: 15%   repeat: off   random: on    single: off   consume: off
OSDISK/VIDEO008/TRACK001.MP3
[playing] #36/41   0:14/18:19 (1%)
volume: 20%   repeat: off   random: on    single: off   consume: off
OSDISK/VIDEO008/TRACK001.MP3
[playing] #36/41   0:28/18:19 (2%)
volume: 25%   repeat: off   random: on    single: off   consume: off
OSDISK/VIDEO008/TRACK001.MP3
[playing] #36/41   0:42/18:19 (3%)
volume: 30%   repeat: off   random: on    single: off   consume: off
OSDISK/VIDEO008/TRACK001.MP3
[playing] #36/41   0:56/18:19 (5%)
volume: 35%   repeat: off   random: on    single: off   consume: off
OSDISK/VIDEO008/TRACK001.MP3
[playing] #36/41   1:10/18:19 (6%)
volume: 40%   repeat: off   random: on    single: off   consume: off
OSDISK/VIDEO008/TRACK001.MP3
[playing] #36/41   1:24/18:19 (7%)
volume: 45%   repeat: off   random: on    single: off   consume: off
OSDISK/VIDEO008/TRACK001.MP3
[playing] #36/41   1:38/18:19 (8%)
volume: 50%   repeat: off   random: on    single: off   consume: off
OSDISK/VIDEO008/TRACK001.MP3
[playing] #36/41   1:52/18:19 (10%)
volume: 55%   repeat: off   random: on    single: off   consume: off
OSDISK/VIDEO008/TRACK001.MP3
[playing] #36/41   2:06/18:19 (11%)
volume: 60%   repeat: off   random: on    single: off   consume: off
OSDISK/VIDEO008/TRACK001.MP3
[playing] #36/41   2:20/18:19 (12%)
volume: 65%   repeat: off   random: on    single: off   consume: off
OSDISK/VIDEO008/TRACK001.MP3
[playing] #36/41   2:34/18:19 (14%)
volume: 70%   repeat: off   random: on    single: off   consume: off
OSDISK/VIDEO008/TRACK001.MP3
[playing] #36/41   2:48/18:19 (15%)
volume: 75%   repeat: off   random: on    single: off   consume: off
volume: 75%   repeat: off   random: on    single: off   consume: off
Attempting to disconnect from 6C:5A:B5:E0:9D:2B
Disconnection successful
730 Alarm --==--==--==--===: Mon Feb  9 08:30:12 PM IST 2026
C. Benson :Pno, S. Mintz: Vln - Liebesleid
[playing] #8/41   0:00/3:56 (0%)
volume: 10%   repeat: off   random: on    single: off   consume: off
Current system time is: Mon Feb  9 08:30:12 PM IST 2026
C. Benson :Pno, S. Mintz: Vln - Liebesleid
[playing] #8/41   0:00/3:56 (0%)
volume: 15%   repeat: off   random: on    single: off   consume: off
C. Benson :Pno, S. Mintz: Vln - Liebesleid
[playing] #8/41   0:14/3:56 (5%)
volume: 20%   repeat: off   random: on    single: off   consume: off
C. Benson :Pno, S. Mintz: Vln - Liebesleid
[playing] #8/41   0:28/3:56 (11%)
volume: 25%   repeat: off   random: on    single: off   consume: off
C. Benson :Pno, S. Mintz: Vln - Liebesleid
[playing] #8/41   0:42/3:56 (17%)
volume: 30%   repeat: off   random: on    single: off   consume: off
C. Benson :Pno, S. Mintz: Vln - Liebesleid
[playing] #8/41   0:56/3:56 (23%)
volume: 35%   repeat: off   random: on    single: off   consume: off
C. Benson :Pno, S. Mintz: Vln - Liebesleid
[playing] #8/41   1:10/3:56 (29%)
volume: 40%   repeat: off   random: on    single: off   consume: off
C. Benson :Pno, S. Mintz: Vln - Liebesleid
[playing] #8/41   1:24/3:56 (35%)
volume: 45%   repeat: off   random: on    single: off   consume: off
C. Benson :Pno, S. Mintz: Vln - Liebesleid
[playing] #8/41   1:38/3:56 (41%)
volume: 50%   repeat: off   random: on    single: off   consume: off
C. Benson :Pno, S. Mintz: Vln - Liebesleid
[playing] #8/41   1:52/3:56 (47%)
volume: 55%   repeat: off   random: on    single: off   consume: off
C. Benson :Pno, S. Mintz: Vln - Liebesleid
[playing] #8/41   2:06/3:56 (53%)
volume: 60%   repeat: off   random: on    single: off   consume: off
C. Benson :Pno, S. Mintz: Vln - Liebesleid
[playing] #8/41   2:20/3:56 (59%)
volume: 65%   repeat: off   random: on    single: off   consume: off
C. Benson :Pno, S. Mintz: Vln - Liebesleid
[playing] #8/41   2:34/3:56 (65%)
volume: 70%   repeat: off   random: on    single: off   consume: off
C. Benson :Pno, S. Mintz: Vln - Liebesleid
[playing] #8/41   2:48/3:56 (71%)
volume: 75%   repeat: off   random: on    single: off   consume: off
volume: 75%   repeat: off   random: on    single: off   consume: off
Attempting to disconnect from 6C:5A:B5:E0:9D:2B
[[0;93mCHG[0m] Transport /org/bluez/hci0/dev_6C_5A_B5_E0_9D_2B/sep1/fd0 State: idle
[[0;91mDEL[0m] Transport /org/bluez/hci0/dev_6C_5A_B5_E0_9D_2B/sep1/fd0 
[[0;91mDEL[0m] Endpoint /org/bluez/hci0/dev_6C_5A_B5_E0_9D_2B/sep1 
[[0;93mCHG[0m] Device 6C:5A:B5:E0:9D:2B ServicesResolved: no
[[0;93mCHG[0m] Device 6C:5A:B5:E0:9D:2B Connected: no
Disconnection successful
Alarm --==--==--==--===: Tue Feb 10 08:30:13 PM IST 2026
OSDISK/Hungarian Rapsody/TRACK002.MP3
[playing] #18/41   0:00/14:06 (0%)
volume: 10%   repeat: off   random: on    single: off   consume: off
Current system time is: Tue Feb 10 08:30:13 PM IST 2026
OSDISK/Hungarian Rapsody/TRACK002.MP3
[playing] #18/41   0:00/14:06 (0%)
volume: 15%   repeat: off   random: on    single: off   consume: off
OSDISK/Hungarian Rapsody/TRACK002.MP3
[playing] #18/41   0:14/14:06 (1%)
volume: 20%   repeat: off   random: on    single: off   consume: off
OSDISK/Hungarian Rapsody/TRACK002.MP3
[playing] #18/41   0:28/14:06 (3%)
volume: 25%   repeat: off   random: on    single: off   consume: off
OSDISK/Hungarian Rapsody/TRACK002.MP3
[playing] #18/41   0:42/14:06 (4%)
volume: 30%   repeat: off   random: on    single: off   consume: off
OSDISK/Hungarian Rapsody/TRACK002.MP3
[playing] #18/41   0:56/14:06 (6%)
volume: 35%   repeat: off   random: on    single: off   consume: off
OSDISK/Hungarian Rapsody/TRACK002.MP3
[playing] #18/41   1:10/14:06 (8%)
volume: 40%   repeat: off   random: on    single: off   consume: off
OSDISK/Hungarian Rapsody/TRACK002.MP3
[playing] #18/41   1:24/14:06 (9%)
volume: 45%   repeat: off   random: on    single: off   consume: off
OSDISK/Hungarian Rapsody/TRACK002.MP3
[playing] #18/41   1:38/14:06 (11%)
volume: 50%   repeat: off   random: on    single: off   consume: off
OSDISK/Hungarian Rapsody/TRACK002.MP3
[playing] #18/41   1:52/14:06 (13%)
volume: 55%   repeat: off   random: on    single: off   consume: off
OSDISK/Hungarian Rapsody/TRACK002.MP3
[playing] #18/41   2:06/14:06 (14%)
volume: 60%   repeat: off   random: on    single: off   consume: off
OSDISK/Hungarian Rapsody/TRACK002.MP3
[playing] #18/41   2:20/14:06 (16%)
volume: 65%   repeat: off   random: on    single: off   consume: off
OSDISK/Hungarian Rapsody/TRACK002.MP3
[playing] #18/41   2:34/14:06 (18%)
volume: 70%   repeat: off   random: on    single: off   consume: off
OSDISK/Hungarian Rapsody/TRACK002.MP3
[playing] #18/41   2:48/14:06 (19%)
volume: 75%   repeat: off   random: on    single: off   consume: off
volume: 75%   repeat: off   random: on    single: off   consume: off
Attempting to disconnect from 6C:5A:B5:E0:9D:2B
Disconnection successful
 
Changing power on succeeded
Attempting to connect to 6C:5A:B5:E0:9D:2B
[[0;93mCHG[0m] Device 6C:5A:B5:E0:9D:2B Connected: yes
[[0;92mNEW[0m] Endpoint /org/bluez/hci0/dev_6C_5A_B5_E0_9D_2B/sep1 
[[0;92mNEW[0m] Transport /org/bluez/hci0/dev_6C_5A_B5_E0_9D_2B/sep1/fd1 
Connection successful
Alarm --==--==--==--===: Wed Feb 11 08:30:14 PM IST 2026
C. Benson :Pno, S. Mintz: Vln - Rondino
[playing] #3/41   0:12/2:53 (6%)
volume: 10%   repeat: off   random: on    single: off   consume: off
Current system time is: Wed Feb 11 08:30:14 PM IST 2026
C. Benson :Pno, S. Mintz: Vln - Rondino
[playing] #3/41   0:12/2:53 (6%)
volume: 15%   repeat: off   random: on    single: off   consume: off
C. Benson :Pno, S. Mintz: Vln - Rondino
[playing] #3/41   0:26/2:53 (15%)
volume: 20%   repeat: off   random: on    single: off   consume: off
C. Benson :Pno, S. Mintz: Vln - Rondino
[playing] #3/41   0:40/2:53 (23%)
volume: 25%   repeat: off   random: on    single: off   consume: off
C. Benson :Pno, S. Mintz: Vln - Rondino
[playing] #3/41   0:54/2:53 (31%)
volume: 30%   repeat: off   random: on    single: off   consume: off
C. Benson :Pno, S. Mintz: Vln - Rondino
[playing] #3/41   1:08/2:53 (39%)
volume: 35%   repeat: off   random: on    single: off   consume: off
C. Benson :Pno, S. Mintz: Vln - Rondino
[playing] #3/41   1:22/2:53 (47%)
volume: 40%   repeat: off   random: on    single: off   consume: off
C. Benson :Pno, S. Mintz: Vln - Rondino
[playing] #3/41   1:36/2:53 (55%)
volume: 45%   repeat: off   random: on    single: off   consume: off
C. Benson :Pno, S. Mintz: Vln - Rondino
[playing] #3/41   1:50/2:53 (63%)
volume: 50%   repeat: off   random: on    single: off   consume: off
C. Benson :Pno, S. Mintz: Vln - Rondino
[playing] #3/41   2:04/2:53 (71%)
volume: 55%   repeat: off   random: on    single: off   consume: off
C. Benson :Pno, S. Mintz: Vln - Rondino
[playing] #3/41   2:18/2:53 (79%)
volume: 60%   repeat: off   random: on    single: off   consume: off
C. Benson :Pno, S. Mintz: Vln - Rondino
[playing] #3/41   2:32/2:53 (87%)
volume: 65%   repeat: off   random: on    single: off   consume: off
C. Benson :Pno, S. Mintz: Vln - Rondino
[playing] #3/41   2:46/2:53 (95%)
volume: 70%   repeat: off   random: on    single: off   consume: off
C. Benson :Pno, S. Mintz: Vln - Recitativo und Scherzo-Caprice
[playing] #11/41   0:07/4:50 (2%)
volume: 75%   repeat: off   random: on    single: off   consume: off
volume: 75%   repeat: off   random: on    single: off   consume: off
Attempting to disconnect from 6C:5A:B5:E0:9D:2B
[[0;93mCHG[0m] Transport /org/bluez/hci0/dev_6C_5A_B5_E0_9D_2B/sep1/fd1 State: idle
[[0;91mDEL[0m] Transport /org/bluez/hci0/dev_6C_5A_B5_E0_9D_2B/sep1/fd1 
[[0;91mDEL[0m] Endpoint /org/bluez/hci0/dev_6C_5A_B5_E0_9D_2B/sep1 
[[0;93mCHG[0m] Device 6C:5A:B5:E0:9D:2B ServicesResolved: no
[[0;93mCHG[0m] Device 6C:5A:B5:E0:9D:2B Connected: no
Disconnection successful
 
Attempting to connect to 6C:5A:B5:E0:9D:2B
[[0;93mCHG[0m] Device 6C:5A:B5:E0:9D:2B Connected: yes
[[0;92mNEW[0m] Endpoint /org/bluez/hci0/dev_6C_5A_B5_E0_9D_2B/sep1 
[[0;92mNEW[0m] Transport /org/bluez/hci0/dev_6C_5A_B5_E0_9D_2B/sep1/fd4 
Connection successful
Alarm --==--==--==--===: Thu Feb 12 08:30:14 PM IST 2026
C. Benson :Pno, S. Mintz: Vln - Danse espagnole
[playing] #13/41   0:12/3:26 (5%)
volume: 10%   repeat: off   random: on    single: off   consume: off
Current system time is: Thu Feb 12 08:30:14 PM IST 2026
C. Benson :Pno, S. Mintz: Vln - Danse espagnole
[playing] #13/41   0:12/3:26 (5%)
volume: 15%   repeat: off   random: on    single: off   consume: off
C. Benson :Pno, S. Mintz: Vln - Danse espagnole
[playing] #13/41   0:26/3:26 (12%)
volume: 20%   repeat: off   random: on    single: off   consume: off
C. Benson :Pno, S. Mintz: Vln - Danse espagnole
[playing] #13/41   0:40/3:26 (19%)
volume: 25%   repeat: off   random: on    single: off   consume: off
C. Benson :Pno, S. Mintz: Vln - Danse espagnole
[playing] #13/41   0:54/3:26 (26%)
volume: 30%   repeat: off   random: on    single: off   consume: off
C. Benson :Pno, S. Mintz: Vln - Danse espagnole
[playing] #13/41   1:08/3:26 (33%)
volume: 35%   repeat: off   random: on    single: off   consume: off
C. Benson :Pno, S. Mintz: Vln - Danse espagnole
[playing] #13/41   1:22/3:26 (39%)
volume: 40%   repeat: off   random: on    single: off   consume: off
C. Benson :Pno, S. Mintz: Vln - Danse espagnole
[playing] #13/41   1:36/3:26 (46%)
volume: 45%   repeat: off   random: on    single: off   consume: off
C. Benson :Pno, S. Mintz: Vln - Danse espagnole
[playing] #13/41   1:50/3:26 (53%)
volume: 50%   repeat: off   random: on    single: off   consume: off
C. Benson :Pno, S. Mintz: Vln - Danse espagnole
[playing] #13/41   2:04/3:26 (60%)
volume: 55%   repeat: off   random: on    single: off   consume: off
C. Benson :Pno, S. Mintz: Vln - Danse espagnole
[playing] #13/41   2:18/3:26 (66%)
volume: 60%   repeat: off   random: on    single: off   consume: off
C. Benson :Pno, S. Mintz: Vln - Danse espagnole
[playing] #13/41   2:32/3:26 (73%)
volume: 65%   repeat: off   random: on    single: off   consume: off
C. Benson :Pno, S. Mintz: Vln - Danse espagnole
[playing] #13/41   2:46/3:26 (80%)
volume: 70%   repeat: off   random: on    single: off   consume: off
C. Benson :Pno, S. Mintz: Vln - Danse espagnole
[playing] #13/41   3:00/3:26 (87%)
volume: 75%   repeat: off   random: on    single: off   consume: off
volume: 75%   repeat: off   random: on    single: off   consume: off
Attempting to disconnect from 6C:5A:B5:E0:9D:2B
[[0;91mDEL[0m] Transport /org/bluez/hci0/dev_6C_5A_B5_E0_9D_2B/sep1/fd4 
[[0;91mDEL[0m] Endpoint /org/bluez/hci0/dev_6C_5A_B5_E0_9D_2B/sep1 
[[0;93mCHG[0m] Device 6C:5A:B5:E0:9D:2B ServicesResolved: no
[[0;93mCHG[0m] Device 6C:5A:B5:E0:9D:2B Connected: no
Disconnection successful
 
Attempting to connect to 6C:5A:B5:E0:9D:2B
[[0;93mCHG[0m] Device 6C:5A:B5:E0:9D:2B Connected: yes
[[0;92mNEW[0m] Endpoint /org/bluez/hci0/dev_6C_5A_B5_E0_9D_2B/sep1 
[[0;92mNEW[0m] Transport /org/bluez/hci0/dev_6C_5A_B5_E0_9D_2B/sep1/fd7 
Connection successful
Alarm --==--==--==--===: Fri Feb 13 08:30:14 PM IST 2026
OSDISK/LINEIN/FILE_004.MP3
[playing] #22/41   0:12/4:13 (4%)
volume: 10%   repeat: off   random: on    single: off   consume: off
Current system time is: Fri Feb 13 08:30:14 PM IST 2026
OSDISK/LINEIN/FILE_004.MP3
[playing] #22/41   0:12/4:13 (4%)
volume: 15%   repeat: off   random: on    single: off   consume: off
OSDISK/LINEIN/FILE_004.MP3
[playing] #22/41   0:26/4:13 (10%)
volume: 20%   repeat: off   random: on    single: off   consume: off
OSDISK/LINEIN/FILE_004.MP3
[playing] #22/41   0:40/4:13 (15%)
volume: 25%   repeat: off   random: on    single: off   consume: off
OSDISK/LINEIN/FILE_004.MP3
[playing] #22/41   0:54/4:13 (21%)
volume: 30%   repeat: off   random: on    single: off   consume: off
OSDISK/LINEIN/FILE_004.MP3
[playing] #22/41   1:08/4:13 (26%)
volume: 35%   repeat: off   random: on    single: off   consume: off
OSDISK/LINEIN/FILE_004.MP3
[playing] #22/41   1:22/4:13 (32%)
volume: 40%   repeat: off   random: on    single: off   consume: off
OSDISK/LINEIN/FILE_004.MP3
[playing] #22/41   1:36/4:13 (37%)
volume: 45%   repeat: off   random: on    single: off   consume: off
OSDISK/LINEIN/FILE_004.MP3
[playing] #22/41   1:50/4:13 (43%)
volume: 50%   repeat: off   random: on    single: off   consume: off
OSDISK/LINEIN/FILE_004.MP3
[playing] #22/41   2:04/4:13 (49%)
volume: 55%   repeat: off   random: on    single: off   consume: off
OSDISK/LINEIN/FILE_004.MP3
[playing] #22/41   2:18/4:13 (54%)
volume: 60%   repeat: off   random: on    single: off   consume: off
OSDISK/LINEIN/FILE_004.MP3
[playing] #22/41   2:32/4:13 (60%)
volume: 65%   repeat: off   random: on    single: off   consume: off
OSDISK/LINEIN/FILE_004.MP3
[playing] #22/41   2:46/4:13 (65%)
volume: 70%   repeat: off   random: on    single: off   consume: off
OSDISK/LINEIN/FILE_004.MP3
[playing] #22/41   3:00/4:13 (71%)
volume: 75%   repeat: off   random: on    single: off   consume: off
volume: 75%   repeat: off   random: on    single: off   consume: off
Attempting to disconnect from 6C:5A:B5:E0:9D:2B
[[0;93mCHG[0m] Transport /org/bluez/hci0/dev_6C_5A_B5_E0_9D_2B/sep1/fd7 State: idle
[[0;91mDEL[0m] Transport /org/bluez/hci0/dev_6C_5A_B5_E0_9D_2B/sep1/fd7 
[[0;91mDEL[0m] Endpoint /org/bluez/hci0/dev_6C_5A_B5_E0_9D_2B/sep1 
[[0;93mCHG[0m] Device 6C:5A:B5:E0:9D:2B ServicesResolved: no
[[0;93mCHG[0m] Device 6C:5A:B5:E0:9D:2B Connected: no
Disconnection successful
 
Attempting to connect to 6C:5A:B5:E0:9D:2B
[[0;93mCHG[0m] Device 6C:5A:B5:E0:9D:2B Connected: yes
[[0;92mNEW[0m] Endpoint /org/bluez/hci0/dev_6C_5A_B5_E0_9D_2B/sep1 
[[0;92mNEW[0m] Transport /org/bluez/hci0/dev_6C_5A_B5_E0_9D_2B/sep1/fd10 
Connection successful
Alarm --==--==--==--===: Sat Feb 14 08:30:12 PM IST 2026
OSDISK/LINEIN/FILE_006.MP3
[playing] #24/41   0:09/22:12 (0%)
volume: 10%   repeat: off   random: on    single: off   consume: off
Current system time is: Sat Feb 14 08:30:12 PM IST 2026
OSDISK/LINEIN/FILE_006.MP3
[playing] #24/41   0:09/22:12 (0%)
volume: 15%   repeat: off   random: on    single: off   consume: off
OSDISK/LINEIN/FILE_006.MP3
[playing] #24/41   0:23/22:12 (1%)
volume: 20%   repeat: off   random: on    single: off   consume: off
OSDISK/LINEIN/FILE_006.MP3
[playing] #24/41   0:37/22:12 (2%)
volume: 25%   repeat: off   random: on    single: off   consume: off
OSDISK/LINEIN/FILE_006.MP3
[playing] #24/41   0:51/22:12 (3%)
volume: 30%   repeat: off   random: on    single: off   consume: off
OSDISK/LINEIN/FILE_006.MP3
[playing] #24/41   1:05/22:12 (4%)
volume: 35%   repeat: off   random: on    single: off   consume: off
OSDISK/LINEIN/FILE_006.MP3
[playing] #24/41   1:19/22:12 (5%)
volume: 40%   repeat: off   random: on    single: off   consume: off
OSDISK/LINEIN/FILE_006.MP3
[playing] #24/41   1:33/22:12 (6%)
volume: 45%   repeat: off   random: on    single: off   consume: off
OSDISK/LINEIN/FILE_006.MP3
[playing] #24/41   1:47/22:12 (8%)
volume: 50%   repeat: off   random: on    single: off   consume: off
OSDISK/LINEIN/FILE_006.MP3
[playing] #24/41   2:01/22:12 (9%)
volume: 55%   repeat: off   random: on    single: off   consume: off
OSDISK/LINEIN/FILE_006.MP3
[playing] #24/41   2:16/22:12 (10%)
volume: 60%   repeat: off   random: on    single: off   consume: off
OSDISK/LINEIN/FILE_006.MP3
[playing] #24/41   2:30/22:12 (11%)
volume: 65%   repeat: off   random: on    single: off   consume: off
OSDISK/LINEIN/FILE_006.MP3
[playing] #24/41   2:44/22:12 (12%)
volume: 70%   repeat: off   random: on    single: off   consume: off
OSDISK/LINEIN/FILE_006.MP3
[playing] #24/41   2:58/22:12 (13%)
volume: 75%   repeat: off   random: on    single: off   consume: off
volume: 75%   repeat: off   random: on    single: off   consume: off
Attempting to disconnect from 6C:5A:B5:E0:9D:2B
Disconnection successful
 
Attempting to connect to 6C:5A:B5:E0:9D:2B
[[0;93mCHG[0m] Device 6C:5A:B5:E0:9D:2B Connected: yes
[[0;92mNEW[0m] Endpoint /org/bluez/hci0/dev_6C_5A_B5_E0_9D_2B/sep1 
[[0;92mNEW[0m] Transport /org/bluez/hci0/dev_6C_5A_B5_E0_9D_2B/sep1/fd12 
Connection successful
Alarm --==--==--==--===: Sun Feb 15 08:30:11 PM IST 2026
OSDISK/Hungarian Rapsody/TRACK001.MP3
[playing] #17/41   0:09/17:37 (0%)
volume: 10%   repeat: off   random: on    single: off   consume: off
Current system time is: Sun Feb 15 08:30:11 PM IST 2026
OSDISK/Hungarian Rapsody/TRACK001.MP3
[playing] #17/41   0:09/17:37 (0%)
volume: 15%   repeat: off   random: on    single: off   consume: off
OSDISK/Hungarian Rapsody/TRACK001.MP3
[playing] #17/41   0:23/17:37 (2%)
volume: 20%   repeat: off   random: on    single: off   consume: off
OSDISK/Hungarian Rapsody/TRACK001.MP3
[playing] #17/41   0:37/17:37 (3%)
volume: 25%   repeat: off   random: on    single: off   consume: off
OSDISK/Hungarian Rapsody/TRACK001.MP3
[playing] #17/41   0:51/17:37 (4%)
volume: 30%   repeat: off   random: on    single: off   consume: off
OSDISK/Hungarian Rapsody/TRACK001.MP3
[playing] #17/41   1:05/17:37 (6%)
volume: 35%   repeat: off   random: on    single: off   consume: off
OSDISK/Hungarian Rapsody/TRACK001.MP3
[playing] #17/41   1:19/17:37 (7%)
volume: 40%   repeat: off   random: on    single: off   consume: off
OSDISK/Hungarian Rapsody/TRACK001.MP3
[playing] #17/41   1:33/17:37 (8%)
volume: 45%   repeat: off   random: on    single: off   consume: off
OSDISK/Hungarian Rapsody/TRACK001.MP3
[playing] #17/41   1:47/17:37 (10%)
volume: 50%   repeat: off   random: on    single: off   consume: off
OSDISK/Hungarian Rapsody/TRACK001.MP3
[playing] #17/41   2:01/17:37 (11%)
volume: 55%   repeat: off   random: on    single: off   consume: off
OSDISK/Hungarian Rapsody/TRACK001.MP3
[playing] #17/41   2:15/17:37 (12%)
volume: 60%   repeat: off   random: on    single: off   consume: off
OSDISK/Hungarian Rapsody/TRACK001.MP3
[playing] #17/41   2:29/17:37 (14%)
volume: 65%   repeat: off   random: on    single: off   consume: off
OSDISK/Hungarian Rapsody/TRACK001.MP3
[playing] #17/41   2:43/17:37 (15%)
volume: 70%   repeat: off   random: on    single: off   consume: off
OSDISK/Hungarian Rapsody/TRACK001.MP3
[playing] #17/41   2:57/17:37 (16%)
volume: 75%   repeat: off   random: on    single: off   consume: off
volume: 75%   repeat: off   random: on    single: off   consume: off
Attempting to disconnect from 6C:5A:B5:E0:9D:2B
[[0;91mDEL[0m] Transport /org/bluez/hci0/dev_6C_5A_B5_E0_9D_2B/sep1/fd12 
[[0;91mDEL[0m] Endpoint /org/bluez/hci0/dev_6C_5A_B5_E0_9D_2B/sep1 
[[0;93mCHG[0m] Device 6C:5A:B5:E0:9D:2B ServicesResolved: no
[[0;93mCHG[0m] Device 6C:5A:B5:E0:9D:2B Connected: no
Disconnection successful
 
Attempting to connect to 6C:5A:B5:E0:9D:2B
[[0;93mCHG[0m] Device 6C:5A:B5:E0:9D:2B Connected: yes
[[0;92mNEW[0m] Endpoint /org/bluez/hci0/dev_6C_5A_B5_E0_9D_2B/sep1 
[[0;92mNEW[0m] Transport /org/bluez/hci0/dev_6C_5A_B5_E0_9D_2B/sep1/fd15 
Connection successful
Alarm --==--==--==--===: Mon Feb 16 08:30:15 PM IST 2026
C. Benson :Pno, S. Mintz: Vln - Zigeuner-Capriccio
[playing] #6/42   0:12/4:33 (4%)
volume: 10%   repeat: off   random: on    single: off   consume: off
Current system time is: Mon Feb 16 08:30:15 PM IST 2026
C. Benson :Pno, S. Mintz: Vln - Zigeuner-Capriccio
[playing] #6/42   0:12/4:33 (4%)
volume: 15%   repeat: off   random: on    single: off   consume: off
C. Benson :Pno, S. Mintz: Vln - Zigeuner-Capriccio
[playing] #6/42   0:26/4:33 (9%)
volume: 20%   repeat: off   random: on    single: off   consume: off
C. Benson :Pno, S. Mintz: Vln - Zigeuner-Capriccio
[playing] #6/42   0:40/4:33 (14%)
volume: 25%   repeat: off   random: on    single: off   consume: off
C. Benson :Pno, S. Mintz: Vln - Zigeuner-Capriccio
[playing] #6/42   0:54/4:33 (19%)
volume: 30%   repeat: off   random: on    single: off   consume: off
C. Benson :Pno, S. Mintz: Vln - Zigeuner-Capriccio
[playing] #6/42   1:08/4:33 (24%)
volume: 35%   repeat: off   random: on    single: off   consume: off
C. Benson :Pno, S. Mintz: Vln - Zigeuner-Capriccio
[playing] #6/42   1:22/4:33 (30%)
volume: 40%   repeat: off   random: on    single: off   consume: off
C. Benson :Pno, S. Mintz: Vln - Zigeuner-Capriccio
[playing] #6/42   1:36/4:33 (35%)
volume: 45%   repeat: off   random: on    single: off   consume: off
C. Benson :Pno, S. Mintz: Vln - Zigeuner-Capriccio
[playing] #6/42   1:50/4:33 (40%)
volume: 50%   repeat: off   random: on    single: off   consume: off
C. Benson :Pno, S. Mintz: Vln - Zigeuner-Capriccio
[playing] #6/42   2:04/4:33 (45%)
volume: 55%   repeat: off   random: on    single: off   consume: off
C. Benson :Pno, S. Mintz: Vln - Zigeuner-Capriccio
[playing] #6/42   2:18/4:33 (50%)
volume: 60%   repeat: off   random: on    single: off   consume: off
C. Benson :Pno, S. Mintz: Vln - Zigeuner-Capriccio
[playing] #6/42   2:32/4:33 (55%)
volume: 65%   repeat: off   random: on    single: off   consume: off
C. Benson :Pno, S. Mintz: Vln - Zigeuner-Capriccio
[playing] #6/42   2:46/4:33 (60%)
volume: 70%   repeat: off   random: on    single: off   consume: off
C. Benson :Pno, S. Mintz: Vln - Zigeuner-Capriccio
[playing] #6/42   3:00/4:33 (65%)
volume: 75%   repeat: off   random: on    single: off   consume: off
volume: 75%   repeat: off   random: on    single: off   consume: off
Attempting to disconnect from 6C:5A:B5:E0:9D:2B
[[0;93mCHG[0m] Transport /org/bluez/hci0/dev_6C_5A_B5_E0_9D_2B/sep1/fd15 State: idle
[[0;91mDEL[0m] Transport /org/bluez/hci0/dev_6C_5A_B5_E0_9D_2B/sep1/fd15 
[[0;91mDEL[0m] Endpoint /org/bluez/hci0/dev_6C_5A_B5_E0_9D_2B/sep1 
[[0;93mCHG[0m] Device 6C:5A:B5:E0:9D:2B ServicesResolved: no
[[0;93mCHG[0m] Device 6C:5A:B5:E0:9D:2B Connected: no
Disconnection successful
 
Attempting to connect to 6C:5A:B5:E0:9D:2B
[[0;93mCHG[0m] Device 6C:5A:B5:E0:9D:2B Connected: yes
[[0;92mNEW[0m] Endpoint /org/bluez/hci0/dev_6C_5A_B5_E0_9D_2B/sep1 
[[0;92mNEW[0m] Transport /org/bluez/hci0/dev_6C_5A_B5_E0_9D_2B/sep1/fd18 
Connection successful
Alarm --==--==--==--===: Tue Feb 17 08:30:14 PM IST 2026
OSDISK/Hungarian Rapsody/TRACK002.MP3
[playing] #18/42   0:12/14:06 (1%)
volume: 10%   repeat: off   random: on    single: off   consume: off
Current system time is: Tue Feb 17 08:30:14 PM IST 2026
OSDISK/Hungarian Rapsody/TRACK002.MP3
[playing] #18/42   0:12/14:06 (1%)
volume: 15%   repeat: off   random: on    single: off   consume: off
OSDISK/Hungarian Rapsody/TRACK002.MP3
[playing] #18/42   0:26/14:06 (3%)
volume: 20%   repeat: off   random: on    single: off   consume: off
OSDISK/Hungarian Rapsody/TRACK002.MP3
[playing] #18/42   0:40/14:06 (4%)
volume: 25%   repeat: off   random: on    single: off   consume: off
OSDISK/Hungarian Rapsody/TRACK002.MP3
[playing] #18/42   0:54/14:06 (6%)
volume: 30%   repeat: off   random: on    single: off   consume: off
OSDISK/Hungarian Rapsody/TRACK002.MP3
[playing] #18/42   1:08/14:06 (8%)
volume: 35%   repeat: off   random: on    single: off   consume: off
OSDISK/Hungarian Rapsody/TRACK002.MP3
[playing] #18/42   1:22/14:06 (9%)
volume: 40%   repeat: off   random: on    single: off   consume: off
OSDISK/Hungarian Rapsody/TRACK002.MP3
[playing] #18/42   1:36/14:06 (11%)
volume: 45%   repeat: off   random: on    single: off   consume: off
OSDISK/Hungarian Rapsody/TRACK002.MP3
[playing] #18/42   1:50/14:06 (13%)
volume: 50%   repeat: off   random: on    single: off   consume: off
OSDISK/Hungarian Rapsody/TRACK002.MP3
[playing] #18/42   2:04/14:06 (14%)
volume: 55%   repeat: off   random: on    single: off   consume: off
OSDISK/Hungarian Rapsody/TRACK002.MP3
[playing] #18/42   2:18/14:06 (16%)
volume: 60%   repeat: off   random: on    single: off   consume: off
OSDISK/Hungarian Rapsody/TRACK002.MP3
[playing] #18/42   2:32/14:06 (17%)
volume: 65%   repeat: off   random: on    single: off   consume: off
OSDISK/Hungarian Rapsody/TRACK002.MP3
[playing] #18/42   2:46/14:06 (19%)
volume: 70%   repeat: off   random: on    single: off   consume: off
OSDISK/Hungarian Rapsody/TRACK002.MP3
[playing] #18/42   3:00/14:06 (21%)
volume: 75%   repeat: off   random: on    single: off   consume: off
volume: 75%   repeat: off   random: on    single: off   consume: off
Attempting to disconnect from 6C:5A:B5:E0:9D:2B
[[0;91mDEL[0m] Transport /org/bluez/hci0/dev_6C_5A_B5_E0_9D_2B/sep1/fd18 
[[0;91mDEL[0m] Endpoint /org/bluez/hci0/dev_6C_5A_B5_E0_9D_2B/sep1 
[[0;93mCHG[0m] Device 6C:5A:B5:E0:9D:2B ServicesResolved: no
[[0;93mCHG[0m] Device 6C:5A:B5:E0:9D:2B Connected: no
Disconnection successful
 
Attempting to connect to 6C:5A:B5:E0:9D:2B
[[0;93mCHG[0m] Device 6C:5A:B5:E0:9D:2B Connected: yes
[[0;92mNEW[0m] Endpoint /org/bluez/hci0/dev_6C_5A_B5_E0_9D_2B/sep1 
[[0;92mNEW[0m] Transport /org/bluez/hci0/dev_6C_5A_B5_E0_9D_2B/sep1/fd21 
Connection successful
Alarm --==--==--==--===: Wed Feb 18 08:30:13 PM IST 2026
C. Benson :Pno, S. Mintz: Vln - La Precieuse
[playing] #14/42   0:12/2:21 (8%)
volume: 10%   repeat: off   random: on    single: off   consume: off
Current system time is: Wed Feb 18 08:30:13 PM IST 2026
C. Benson :Pno, S. Mintz: Vln - La Precieuse
[playing] #14/42   0:12/2:21 (8%)
volume: 15%   repeat: off   random: on    single: off   consume: off
C. Benson :Pno, S. Mintz: Vln - La Precieuse
[playing] #14/42   0:26/2:21 (18%)
volume: 20%   repeat: off   random: on    single: off   consume: off
C. Benson :Pno, S. Mintz: Vln - La Precieuse
[playing] #14/42   0:40/2:21 (28%)
volume: 25%   repeat: off   random: on    single: off   consume: off
C. Benson :Pno, S. Mintz: Vln - La Precieuse
[playing] #14/42   0:54/2:21 (38%)
volume: 30%   repeat: off   random: on    single: off   consume: off
C. Benson :Pno, S. Mintz: Vln - La Precieuse
[playing] #14/42   1:08/2:21 (48%)
volume: 35%   repeat: off   random: on    single: off   consume: off
C. Benson :Pno, S. Mintz: Vln - La Precieuse
[playing] #14/42   1:22/2:21 (58%)
volume: 40%   repeat: off   random: on    single: off   consume: off
C. Benson :Pno, S. Mintz: Vln - La Precieuse
[playing] #14/42   1:36/2:21 (68%)
volume: 45%   repeat: off   random: on    single: off   consume: off
C. Benson :Pno, S. Mintz: Vln - La Precieuse
[playing] #14/42   1:50/2:21 (78%)
volume: 50%   repeat: off   random: on    single: off   consume: off
C. Benson :Pno, S. Mintz: Vln - La Precieuse
[playing] #14/42   2:04/2:21 (87%)
volume: 55%   repeat: off   random: on    single: off   consume: off
C. Benson :Pno, S. Mintz: Vln - La Precieuse
[playing] #14/42   2:18/2:21 (97%)
volume: 60%   repeat: off   random: on    single: off   consume: off
OSDISK/LINEIN/FILE_003.MP3
[playing] #21/42   0:11/18:36 (0%)
volume: 65%   repeat: off   random: on    single: off   consume: off
OSDISK/LINEIN/FILE_003.MP3
[playing] #21/42   0:25/18:36 (2%)
volume: 70%   repeat: off   random: on    single: off   consume: off
OSDISK/LINEIN/FILE_003.MP3
[playing] #21/42   0:39/18:36 (3%)
volume: 75%   repeat: off   random: on    single: off   consume: off
volume: 75%   repeat: off   random: on    single: off   consume: off
Attempting to disconnect from 6C:5A:B5:E0:9D:2B
[[0;93mCHG[0m] Transport /org/bluez/hci0/dev_6C_5A_B5_E0_9D_2B/sep1/fd21 State: idle
[[0;91mDEL[0m] Transport /org/bluez/hci0/dev_6C_5A_B5_E0_9D_2B/sep1/fd21 
[[0;91mDEL[0m] Endpoint /org/bluez/hci0/dev_6C_5A_B5_E0_9D_2B/sep1 
[[0;93mCHG[0m] Device 6C:5A:B5:E0:9D:2B ServicesResolved: no
[[0;93mCHG[0m] Device 6C:5A:B5:E0:9D:2B Connected: no
Disconnection successful
 
Attempting to connect to 6C:5A:B5:E0:9D:2B
[[0;93mCHG[0m] Device 6C:5A:B5:E0:9D:2B Connected: yes
[[0;92mNEW[0m] Endpoint /org/bluez/hci0/dev_6C_5A_B5_E0_9D_2B/sep1 
[[0;92mNEW[0m] Transport /org/bluez/hci0/dev_6C_5A_B5_E0_9D_2B/sep1/fd24 
Connection successful
Alarm --==--==--==--===: Thu Feb 19 08:30:14 PM IST 2026
OSDISK/VIDEO010/TRACK001.MP3
[playing] #39/42   0:12/21:29 (0%)
volume: 10%   repeat: off   random: on    single: off   consume: off
Current system time is: Thu Feb 19 08:30:14 PM IST 2026
OSDISK/VIDEO010/TRACK001.MP3
[playing] #39/42   0:12/21:29 (0%)
volume: 15%   repeat: off   random: on    single: off   consume: off
OSDISK/VIDEO010/TRACK001.MP3
[playing] #39/42   0:26/21:29 (2%)
volume: 20%   repeat: off   random: on    single: off   consume: off
OSDISK/VIDEO010/TRACK001.MP3
[playing] #39/42   0:40/21:29 (3%)
volume: 25%   repeat: off   random: on    single: off   consume: off
OSDISK/VIDEO010/TRACK001.MP3
[playing] #39/42   0:54/21:29 (4%)
volume: 30%   repeat: off   random: on    single: off   consume: off
OSDISK/VIDEO010/TRACK001.MP3
[playing] #39/42   1:08/21:29 (5%)
volume: 35%   repeat: off   random: on    single: off   consume: off
OSDISK/VIDEO010/TRACK001.MP3
[playing] #39/42   1:22/21:29 (6%)
volume: 40%   repeat: off   random: on    single: off   consume: off
OSDISK/VIDEO010/TRACK001.MP3
[playing] #39/42   1:36/21:29 (7%)
volume: 45%   repeat: off   random: on    single: off   consume: off
OSDISK/VIDEO010/TRACK001.MP3
[playing] #39/42   1:50/21:29 (8%)
volume: 50%   repeat: off   random: on    single: off   consume: off
OSDISK/VIDEO010/TRACK001.MP3
[playing] #39/42   2:04/21:29 (9%)
volume: 55%   repeat: off   random: on    single: off   consume: off
OSDISK/VIDEO010/TRACK001.MP3
[playing] #39/42   2:18/21:29 (10%)
volume: 60%   repeat: off   random: on    single: off   consume: off
OSDISK/VIDEO010/TRACK001.MP3
[playing] #39/42   2:32/21:29 (11%)
volume: 65%   repeat: off   random: on    single: off   consume: off
OSDISK/VIDEO010/TRACK001.MP3
[playing] #39/42   2:46/21:29 (12%)
volume: 70%   repeat: off   random: on    single: off   consume: off
OSDISK/VIDEO010/TRACK001.MP3
[playing] #39/42   3:00/21:29 (13%)
volume: 75%   repeat: off   random: on    single: off   consume: off
volume: 75%   repeat: off   random: on    single: off   consume: off
Attempting to disconnect from 6C:5A:B5:E0:9D:2B
Disconnection successful
